Classic Timing Analyzer report for cmpt4_50Mhz
Mon Feb 29 16:44:24 2016
Quartus II Version 9.1 Build 222 10/21/2009 SJ Web Edition


---------------------
; Table of Contents ;
---------------------
  1. Legal Notice
  2. Timing Analyzer Summary
  3. Timing Analyzer Settings
  4. Clock Settings Summary
  5. Parallel Compilation
  6. Clock Setup: 'clk'
  7. tco
  8. Timing Analyzer Messages



----------------
; Legal Notice ;
----------------
Copyright (C) 1991-2009 Altera Corporation
Your use of Altera Corporation's design tools, logic functions 
and other software and tools, and its AMPP partner logic 
functions, and any output files from any of the foregoing 
(including device programming or simulation files), and any 
associated documentation or information are expressly subject 
to the terms and conditions of the Altera Program License 
Subscription Agreement, Altera MegaCore Function License 
Agreement, or other applicable license agreement, including, 
without limitation, that your use is for the sole purpose of 
programming logic devices manufactured by Altera and sold by 
Altera or its authorized distributors.  Please refer to the 
applicable agreement for further details.



+--------------------------------------------------------------------------------------------------------------------------------------------------------------------------+
; Timing Analyzer Summary                                                                                                                                                  ;
+------------------------------+-------+---------------+----------------------------------+--------------------+--------------------+------------+----------+--------------+
; Type                         ; Slack ; Required Time ; Actual Time                      ; From               ; To                 ; From Clock ; To Clock ; Failed Paths ;
+------------------------------+-------+---------------+----------------------------------+--------------------+--------------------+------------+----------+--------------+
; Worst-case tco               ; N/A   ; None          ; 7.821 ns                         ; cmpt4:u2|d_int[3]  ; d[3]               ; clk        ; --       ; 0            ;
; Clock Setup: 'clk'           ; N/A   ; None          ; 176.43 MHz ( period = 5.668 ns ) ; gen_ena:u1|cmpt[8] ; gen_ena:u1|clk_ena ; clk        ; clk      ; 0            ;
; Total number of failed paths ;       ;               ;                                  ;                    ;                    ;            ;          ; 0            ;
+------------------------------+-------+---------------+----------------------------------+--------------------+--------------------+------------+----------+--------------+


+-----------------------------------------------------------------------------------------------------------------------------------------------------+
; Timing Analyzer Settings                                                                                                                            ;
+------------------------------------------------------------------------------------------------------+--------------------+------+----+-------------+
; Option                                                                                               ; Setting            ; From ; To ; Entity Name ;
+------------------------------------------------------------------------------------------------------+--------------------+------+----+-------------+
; Device Name                                                                                          ; EP2C20F484C7       ;      ;    ;             ;
; Timing Models                                                                                        ; Final              ;      ;    ;             ;
; Default hold multicycle                                                                              ; Same as Multicycle ;      ;    ;             ;
; Cut paths between unrelated clock domains                                                            ; On                 ;      ;    ;             ;
; Cut off read during write signal paths                                                               ; On                 ;      ;    ;             ;
; Cut off feedback from I/O pins                                                                       ; On                 ;      ;    ;             ;
; Report Combined Fast/Slow Timing                                                                     ; Off                ;      ;    ;             ;
; Ignore Clock Settings                                                                                ; Off                ;      ;    ;             ;
; Analyze latches as synchronous elements                                                              ; On                 ;      ;    ;             ;
; Enable Recovery/Removal analysis                                                                     ; Off                ;      ;    ;             ;
; Enable Clock Latency                                                                                 ; Off                ;      ;    ;             ;
; Use TimeQuest Timing Analyzer                                                                        ; Off                ;      ;    ;             ;
; Minimum Core Junction Temperature                                                                    ; 0                  ;      ;    ;             ;
; Maximum Core Junction Temperature                                                                    ; 85                 ;      ;    ;             ;
; Number of source nodes to report per destination node                                                ; 10                 ;      ;    ;             ;
; Number of destination nodes to report                                                                ; 10                 ;      ;    ;             ;
; Number of paths to report                                                                            ; 200                ;      ;    ;             ;
; Report Minimum Timing Checks                                                                         ; Off                ;      ;    ;             ;
; Use Fast Timing Models                                                                               ; Off                ;      ;    ;             ;
; Report IO Paths Separately                                                                           ; Off                ;      ;    ;             ;
; Perform Multicorner Analysis                                                                         ; On                 ;      ;    ;             ;
; Reports the worst-case path for each clock domain and analysis                                       ; Off                ;      ;    ;             ;
; Reports worst-case timing paths for each clock domain and analysis                                   ; On                 ;      ;    ;             ;
; Specifies the maximum number of worst-case timing paths to report for each clock domain and analysis ; 100                ;      ;    ;             ;
; Removes common clock path pessimism (CCPP) during slack computation                                  ; Off                ;      ;    ;             ;
; Output I/O Timing Endpoint                                                                           ; Near End           ;      ;    ;             ;
+------------------------------------------------------------------------------------------------------+--------------------+------+----+-------------+


+------------------------------------------------------------------------------------------------------------------------------------------------------------------------------------+
; Clock Settings Summary                                                                                                                                                             ;
+-----------------+--------------------+----------+------------------+---------------+--------------+----------+-----------------------+---------------------+--------+--------------+
; Clock Node Name ; Clock Setting Name ; Type     ; Fmax Requirement ; Early Latency ; Late Latency ; Based on ; Multiply Base Fmax by ; Divide Base Fmax by ; Offset ; Phase offset ;
+-----------------+--------------------+----------+------------------+---------------+--------------+----------+-----------------------+---------------------+--------+--------------+
; clk             ;                    ; User Pin ; None             ; 0.000 ns      ; 0.000 ns     ; --       ; N/A                   ; N/A                 ; N/A    ;              ;
+-----------------+--------------------+----------+------------------+---------------+--------------+----------+-----------------------+---------------------+--------+--------------+


Parallel compilation was disabled, but you have multiple processors available. Enable parallel compilation to reduce compilation time.
+-------------------------------------+
; Parallel Compilation                ;
+----------------------------+--------+
; Processors                 ; Number ;
+----------------------------+--------+
; Number detected on machine ; 2      ;
; Maximum allowed            ; 1      ;
+----------------------------+--------+


+-------------------------------------------------------------------------------------------------------------------------------------------------------------------------------------------------------------------------------------------------------+
; Clock Setup: 'clk'                                                                                                                                                                                                                                    ;
+-----------------------------------------+-----------------------------------------------------+---------------------+---------------------+------------+----------+-----------------------------+---------------------------+-------------------------+
; Slack                                   ; Actual fmax (period)                                ; From                ; To                  ; From Clock ; To Clock ; Required Setup Relationship ; Required Longest P2P Time ; Actual Longest P2P Time ;
+-----------------------------------------+-----------------------------------------------------+---------------------+---------------------+------------+----------+-----------------------------+---------------------------+-------------------------+
; N/A                                     ; 176.43 MHz ( period = 5.668 ns )                    ; gen_ena:u1|cmpt[8]  ; gen_ena:u1|clk_ena  ; clk        ; clk      ; None                        ; None                      ; 5.451 ns                ;
; N/A                                     ; 179.73 MHz ( period = 5.564 ns )                    ; gen_ena:u1|cmpt[9]  ; gen_ena:u1|clk_ena  ; clk        ; clk      ; None                        ; None                      ; 5.347 ns                ;
; N/A                                     ; 186.12 MHz ( period = 5.373 ns )                    ; gen_ena:u1|cmpt[10] ; gen_ena:u1|clk_ena  ; clk        ; clk      ; None                        ; None                      ; 5.156 ns                ;
; N/A                                     ; 188.25 MHz ( period = 5.312 ns )                    ; gen_ena:u1|cmpt[0]  ; gen_ena:u1|clk_ena  ; clk        ; clk      ; None                        ; None                      ; 5.095 ns                ;
; N/A                                     ; 193.05 MHz ( period = 5.180 ns )                    ; gen_ena:u1|cmpt[12] ; gen_ena:u1|clk_ena  ; clk        ; clk      ; None                        ; None                      ; 4.963 ns                ;
; N/A                                     ; 193.69 MHz ( period = 5.163 ns )                    ; gen_ena:u1|cmpt[2]  ; gen_ena:u1|clk_ena  ; clk        ; clk      ; None                        ; None                      ; 4.946 ns                ;
; N/A                                     ; 194.93 MHz ( period = 5.130 ns )                    ; gen_ena:u1|cmpt[11] ; gen_ena:u1|clk_ena  ; clk        ; clk      ; None                        ; None                      ; 4.913 ns                ;
; N/A                                     ; 199.20 MHz ( period = 5.020 ns )                    ; gen_ena:u1|cmpt[1]  ; gen_ena:u1|clk_ena  ; clk        ; clk      ; None                        ; None                      ; 4.803 ns                ;
; N/A                                     ; 199.48 MHz ( period = 5.013 ns )                    ; gen_ena:u1|cmpt[3]  ; gen_ena:u1|clk_ena  ; clk        ; clk      ; None                        ; None                      ; 4.796 ns                ;
; N/A                                     ; 201.09 MHz ( period = 4.973 ns )                    ; gen_ena:u1|cmpt[14] ; gen_ena:u1|clk_ena  ; clk        ; clk      ; None                        ; None                      ; 4.750 ns                ;
; N/A                                     ; 205.55 MHz ( period = 4.865 ns )                    ; gen_ena:u1|cmpt[15] ; gen_ena:u1|clk_ena  ; clk        ; clk      ; None                        ; None                      ; 4.642 ns                ;
; N/A                                     ; 206.87 MHz ( period = 4.834 ns )                    ; gen_ena:u1|cmpt[13] ; gen_ena:u1|clk_ena  ; clk        ; clk      ; None                        ; None                      ; 4.611 ns                ;
; N/A                                     ; 211.42 MHz ( period = 4.730 ns )                    ; gen_ena:u1|cmpt[5]  ; gen_ena:u1|clk_ena  ; clk        ; clk      ; None                        ; None                      ; 4.513 ns                ;
; N/A                                     ; 212.86 MHz ( period = 4.698 ns )                    ; gen_ena:u1|cmpt[4]  ; gen_ena:u1|clk_ena  ; clk        ; clk      ; None                        ; None                      ; 4.481 ns                ;
; N/A                                     ; 216.92 MHz ( period = 4.610 ns )                    ; gen_ena:u1|cmpt[7]  ; gen_ena:u1|clk_ena  ; clk        ; clk      ; None                        ; None                      ; 4.393 ns                ;
; N/A                                     ; 224.42 MHz ( period = 4.456 ns )                    ; gen_ena:u1|cmpt[6]  ; gen_ena:u1|clk_ena  ; clk        ; clk      ; None                        ; None                      ; 4.239 ns                ;
; N/A                                     ; 225.33 MHz ( period = 4.438 ns )                    ; gen_ena:u1|cmpt[21] ; gen_ena:u1|clk_ena  ; clk        ; clk      ; None                        ; None                      ; 4.215 ns                ;
; N/A                                     ; 226.71 MHz ( period = 4.411 ns )                    ; gen_ena:u1|cmpt[20] ; gen_ena:u1|clk_ena  ; clk        ; clk      ; None                        ; None                      ; 4.188 ns                ;
; N/A                                     ; 233.15 MHz ( period = 4.289 ns )                    ; gen_ena:u1|cmpt[23] ; gen_ena:u1|clk_ena  ; clk        ; clk      ; None                        ; None                      ; 4.066 ns                ;
; N/A                                     ; 241.95 MHz ( period = 4.133 ns )                    ; gen_ena:u1|cmpt[22] ; gen_ena:u1|clk_ena  ; clk        ; clk      ; None                        ; None                      ; 3.910 ns                ;
; N/A                                     ; 243.01 MHz ( period = 4.115 ns )                    ; gen_ena:u1|cmpt[18] ; gen_ena:u1|clk_ena  ; clk        ; clk      ; None                        ; None                      ; 3.892 ns                ;
; N/A                                     ; 247.22 MHz ( period = 4.045 ns )                    ; gen_ena:u1|cmpt[19] ; gen_ena:u1|clk_ena  ; clk        ; clk      ; None                        ; None                      ; 3.822 ns                ;
; N/A                                     ; 248.57 MHz ( period = 4.023 ns )                    ; gen_ena:u1|cmpt[17] ; gen_ena:u1|clk_ena  ; clk        ; clk      ; None                        ; None                      ; 3.800 ns                ;
; N/A                                     ; 252.72 MHz ( period = 3.957 ns )                    ; gen_ena:u1|cmpt[8]  ; gen_ena:u1|cmpt[0]  ; clk        ; clk      ; None                        ; None                      ; 3.718 ns                ;
; N/A                                     ; 252.72 MHz ( period = 3.957 ns )                    ; gen_ena:u1|cmpt[8]  ; gen_ena:u1|cmpt[1]  ; clk        ; clk      ; None                        ; None                      ; 3.718 ns                ;
; N/A                                     ; 259.54 MHz ( period = 3.853 ns )                    ; gen_ena:u1|cmpt[9]  ; gen_ena:u1|cmpt[0]  ; clk        ; clk      ; None                        ; None                      ; 3.614 ns                ;
; N/A                                     ; 259.54 MHz ( period = 3.853 ns )                    ; gen_ena:u1|cmpt[9]  ; gen_ena:u1|cmpt[1]  ; clk        ; clk      ; None                        ; None                      ; 3.614 ns                ;
; N/A                                     ; 260.42 MHz ( period = 3.840 ns )                    ; gen_ena:u1|cmpt[0]  ; gen_ena:u1|cmpt[25] ; clk        ; clk      ; None                        ; None                      ; 3.607 ns                ;
; N/A                                     ; 265.96 MHz ( period = 3.760 ns )                    ; gen_ena:u1|cmpt[0]  ; gen_ena:u1|cmpt[24] ; clk        ; clk      ; None                        ; None                      ; 3.527 ns                ;
; N/A                                     ; 266.52 MHz ( period = 3.752 ns )                    ; gen_ena:u1|cmpt[1]  ; gen_ena:u1|cmpt[25] ; clk        ; clk      ; None                        ; None                      ; 3.519 ns                ;
; N/A                                     ; 267.31 MHz ( period = 3.741 ns )                    ; gen_ena:u1|cmpt[16] ; gen_ena:u1|clk_ena  ; clk        ; clk      ; None                        ; None                      ; 3.518 ns                ;
; N/A                                     ; 268.82 MHz ( period = 3.720 ns )                    ; gen_ena:u1|cmpt[2]  ; gen_ena:u1|cmpt[25] ; clk        ; clk      ; None                        ; None                      ; 3.487 ns                ;
; N/A                                     ; 271.74 MHz ( period = 3.680 ns )                    ; gen_ena:u1|cmpt[0]  ; gen_ena:u1|cmpt[23] ; clk        ; clk      ; None                        ; None                      ; 3.447 ns                ;
; N/A                                     ; 272.33 MHz ( period = 3.672 ns )                    ; gen_ena:u1|cmpt[1]  ; gen_ena:u1|cmpt[24] ; clk        ; clk      ; None                        ; None                      ; 3.439 ns                ;
; N/A                                     ; 273.07 MHz ( period = 3.662 ns )                    ; gen_ena:u1|cmpt[10] ; gen_ena:u1|cmpt[0]  ; clk        ; clk      ; None                        ; None                      ; 3.423 ns                ;
; N/A                                     ; 273.07 MHz ( period = 3.662 ns )                    ; gen_ena:u1|cmpt[10] ; gen_ena:u1|cmpt[1]  ; clk        ; clk      ; None                        ; None                      ; 3.423 ns                ;
; N/A                                     ; 274.73 MHz ( period = 3.640 ns )                    ; gen_ena:u1|cmpt[3]  ; gen_ena:u1|cmpt[25] ; clk        ; clk      ; None                        ; None                      ; 3.407 ns                ;
; N/A                                     ; 274.73 MHz ( period = 3.640 ns )                    ; gen_ena:u1|cmpt[2]  ; gen_ena:u1|cmpt[24] ; clk        ; clk      ; None                        ; None                      ; 3.407 ns                ;
; N/A                                     ; 277.70 MHz ( period = 3.601 ns )                    ; gen_ena:u1|cmpt[0]  ; gen_ena:u1|cmpt[0]  ; clk        ; clk      ; None                        ; None                      ; 3.362 ns                ;
; N/A                                     ; 277.70 MHz ( period = 3.601 ns )                    ; gen_ena:u1|cmpt[0]  ; gen_ena:u1|cmpt[1]  ; clk        ; clk      ; None                        ; None                      ; 3.362 ns                ;
; N/A                                     ; 277.78 MHz ( period = 3.600 ns )                    ; gen_ena:u1|cmpt[0]  ; gen_ena:u1|cmpt[22] ; clk        ; clk      ; None                        ; None                      ; 3.367 ns                ;
; N/A                                     ; 278.40 MHz ( period = 3.592 ns )                    ; gen_ena:u1|cmpt[1]  ; gen_ena:u1|cmpt[23] ; clk        ; clk      ; None                        ; None                      ; 3.359 ns                ;
; N/A                                     ; 278.94 MHz ( period = 3.585 ns )                    ; gen_ena:u1|cmpt[25] ; gen_ena:u1|clk_ena  ; clk        ; clk      ; None                        ; None                      ; 3.362 ns                ;
; N/A                                     ; 280.90 MHz ( period = 3.560 ns )                    ; gen_ena:u1|cmpt[3]  ; gen_ena:u1|cmpt[24] ; clk        ; clk      ; None                        ; None                      ; 3.327 ns                ;
; N/A                                     ; 280.90 MHz ( period = 3.560 ns )                    ; gen_ena:u1|cmpt[2]  ; gen_ena:u1|cmpt[23] ; clk        ; clk      ; None                        ; None                      ; 3.327 ns                ;
; N/A                                     ; 283.13 MHz ( period = 3.532 ns )                    ; gen_ena:u1|cmpt[24] ; gen_ena:u1|clk_ena  ; clk        ; clk      ; None                        ; None                      ; 3.309 ns                ;
; N/A                                     ; 283.21 MHz ( period = 3.531 ns )                    ; gen_ena:u1|cmpt[4]  ; gen_ena:u1|cmpt[25] ; clk        ; clk      ; None                        ; None                      ; 3.298 ns                ;
; N/A                                     ; 284.09 MHz ( period = 3.520 ns )                    ; gen_ena:u1|cmpt[0]  ; gen_ena:u1|cmpt[21] ; clk        ; clk      ; None                        ; None                      ; 3.287 ns                ;
; N/A                                     ; 284.74 MHz ( period = 3.512 ns )                    ; gen_ena:u1|cmpt[1]  ; gen_ena:u1|cmpt[22] ; clk        ; clk      ; None                        ; None                      ; 3.279 ns                ;
; N/A                                     ; 287.36 MHz ( period = 3.480 ns )                    ; gen_ena:u1|cmpt[3]  ; gen_ena:u1|cmpt[23] ; clk        ; clk      ; None                        ; None                      ; 3.247 ns                ;
; N/A                                     ; 287.36 MHz ( period = 3.480 ns )                    ; gen_ena:u1|cmpt[2]  ; gen_ena:u1|cmpt[22] ; clk        ; clk      ; None                        ; None                      ; 3.247 ns                ;
; N/A                                     ; 288.27 MHz ( period = 3.469 ns )                    ; gen_ena:u1|cmpt[12] ; gen_ena:u1|cmpt[0]  ; clk        ; clk      ; None                        ; None                      ; 3.230 ns                ;
; N/A                                     ; 288.27 MHz ( period = 3.469 ns )                    ; gen_ena:u1|cmpt[12] ; gen_ena:u1|cmpt[1]  ; clk        ; clk      ; None                        ; None                      ; 3.230 ns                ;
; N/A                                     ; 289.69 MHz ( period = 3.452 ns )                    ; gen_ena:u1|cmpt[2]  ; gen_ena:u1|cmpt[0]  ; clk        ; clk      ; None                        ; None                      ; 3.213 ns                ;
; N/A                                     ; 289.69 MHz ( period = 3.452 ns )                    ; gen_ena:u1|cmpt[2]  ; gen_ena:u1|cmpt[1]  ; clk        ; clk      ; None                        ; None                      ; 3.213 ns                ;
; N/A                                     ; 289.77 MHz ( period = 3.451 ns )                    ; gen_ena:u1|cmpt[4]  ; gen_ena:u1|cmpt[24] ; clk        ; clk      ; None                        ; None                      ; 3.218 ns                ;
; N/A                                     ; 291.12 MHz ( period = 3.435 ns )                    ; gen_ena:u1|cmpt[21] ; gen_ena:u1|cmpt[0]  ; clk        ; clk      ; None                        ; None                      ; 3.190 ns                ;
; N/A                                     ; 291.38 MHz ( period = 3.432 ns )                    ; gen_ena:u1|cmpt[1]  ; gen_ena:u1|cmpt[21] ; clk        ; clk      ; None                        ; None                      ; 3.199 ns                ;
; N/A                                     ; 292.48 MHz ( period = 3.419 ns )                    ; gen_ena:u1|cmpt[11] ; gen_ena:u1|cmpt[0]  ; clk        ; clk      ; None                        ; None                      ; 3.180 ns                ;
; N/A                                     ; 292.48 MHz ( period = 3.419 ns )                    ; gen_ena:u1|cmpt[11] ; gen_ena:u1|cmpt[1]  ; clk        ; clk      ; None                        ; None                      ; 3.180 ns                ;
; N/A                                     ; 293.43 MHz ( period = 3.408 ns )                    ; gen_ena:u1|cmpt[20] ; gen_ena:u1|cmpt[0]  ; clk        ; clk      ; None                        ; None                      ; 3.163 ns                ;
; N/A                                     ; 294.12 MHz ( period = 3.400 ns )                    ; gen_ena:u1|cmpt[2]  ; gen_ena:u1|cmpt[21] ; clk        ; clk      ; None                        ; None                      ; 3.167 ns                ;
; N/A                                     ; 294.12 MHz ( period = 3.400 ns )                    ; gen_ena:u1|cmpt[3]  ; gen_ena:u1|cmpt[22] ; clk        ; clk      ; None                        ; None                      ; 3.167 ns                ;
; N/A                                     ; 295.42 MHz ( period = 3.385 ns )                    ; gen_ena:u1|cmpt[5]  ; gen_ena:u1|cmpt[25] ; clk        ; clk      ; None                        ; None                      ; 3.152 ns                ;
; N/A                                     ; 296.65 MHz ( period = 3.371 ns )                    ; gen_ena:u1|cmpt[4]  ; gen_ena:u1|cmpt[23] ; clk        ; clk      ; None                        ; None                      ; 3.138 ns                ;
; N/A                                     ; 298.86 MHz ( period = 3.346 ns )                    ; gen_ena:u1|cmpt[0]  ; gen_ena:u1|cmpt[20] ; clk        ; clk      ; None                        ; None                      ; 3.113 ns                ;
; N/A                                     ; 301.20 MHz ( period = 3.320 ns )                    ; gen_ena:u1|cmpt[3]  ; gen_ena:u1|cmpt[21] ; clk        ; clk      ; None                        ; None                      ; 3.087 ns                ;
; N/A                                     ; 302.21 MHz ( period = 3.309 ns )                    ; gen_ena:u1|cmpt[1]  ; gen_ena:u1|cmpt[0]  ; clk        ; clk      ; None                        ; None                      ; 3.070 ns                ;
; N/A                                     ; 302.21 MHz ( period = 3.309 ns )                    ; gen_ena:u1|cmpt[1]  ; gen_ena:u1|cmpt[1]  ; clk        ; clk      ; None                        ; None                      ; 3.070 ns                ;
; N/A                                     ; 302.57 MHz ( period = 3.305 ns )                    ; gen_ena:u1|cmpt[5]  ; gen_ena:u1|cmpt[24] ; clk        ; clk      ; None                        ; None                      ; 3.072 ns                ;
; N/A                                     ; 302.85 MHz ( period = 3.302 ns )                    ; gen_ena:u1|cmpt[3]  ; gen_ena:u1|cmpt[0]  ; clk        ; clk      ; None                        ; None                      ; 3.063 ns                ;
; N/A                                     ; 302.85 MHz ( period = 3.302 ns )                    ; gen_ena:u1|cmpt[3]  ; gen_ena:u1|cmpt[1]  ; clk        ; clk      ; None                        ; None                      ; 3.063 ns                ;
; N/A                                     ; 303.86 MHz ( period = 3.291 ns )                    ; gen_ena:u1|cmpt[4]  ; gen_ena:u1|cmpt[22] ; clk        ; clk      ; None                        ; None                      ; 3.058 ns                ;
; N/A                                     ; 304.32 MHz ( period = 3.286 ns )                    ; gen_ena:u1|cmpt[23] ; gen_ena:u1|cmpt[0]  ; clk        ; clk      ; None                        ; None                      ; 3.041 ns                ;
; N/A                                     ; 306.18 MHz ( period = 3.266 ns )                    ; gen_ena:u1|cmpt[0]  ; gen_ena:u1|cmpt[19] ; clk        ; clk      ; None                        ; None                      ; 3.033 ns                ;
; N/A                                     ; 306.28 MHz ( period = 3.265 ns )                    ; gen_ena:u1|cmpt[6]  ; gen_ena:u1|cmpt[25] ; clk        ; clk      ; None                        ; None                      ; 3.032 ns                ;
; N/A                                     ; 306.56 MHz ( period = 3.262 ns )                    ; gen_ena:u1|cmpt[14] ; gen_ena:u1|cmpt[0]  ; clk        ; clk      ; None                        ; None                      ; 3.017 ns                ;
; N/A                                     ; 306.56 MHz ( period = 3.262 ns )                    ; gen_ena:u1|cmpt[14] ; gen_ena:u1|cmpt[1]  ; clk        ; clk      ; None                        ; None                      ; 3.017 ns                ;
; N/A                                     ; 306.94 MHz ( period = 3.258 ns )                    ; gen_ena:u1|cmpt[1]  ; gen_ena:u1|cmpt[20] ; clk        ; clk      ; None                        ; None                      ; 3.025 ns                ;
; N/A                                     ; 309.98 MHz ( period = 3.226 ns )                    ; gen_ena:u1|cmpt[7]  ; gen_ena:u1|cmpt[25] ; clk        ; clk      ; None                        ; None                      ; 2.993 ns                ;
; N/A                                     ; 309.98 MHz ( period = 3.226 ns )                    ; gen_ena:u1|cmpt[2]  ; gen_ena:u1|cmpt[20] ; clk        ; clk      ; None                        ; None                      ; 2.993 ns                ;
; N/A                                     ; 310.08 MHz ( period = 3.225 ns )                    ; gen_ena:u1|cmpt[5]  ; gen_ena:u1|cmpt[23] ; clk        ; clk      ; None                        ; None                      ; 2.992 ns                ;
; N/A                                     ; 311.43 MHz ( period = 3.211 ns )                    ; gen_ena:u1|cmpt[4]  ; gen_ena:u1|cmpt[21] ; clk        ; clk      ; None                        ; None                      ; 2.978 ns                ;
; N/A                                     ; 313.87 MHz ( period = 3.186 ns )                    ; gen_ena:u1|cmpt[0]  ; gen_ena:u1|cmpt[18] ; clk        ; clk      ; None                        ; None                      ; 2.953 ns                ;
; N/A                                     ; 313.97 MHz ( period = 3.185 ns )                    ; gen_ena:u1|cmpt[6]  ; gen_ena:u1|cmpt[24] ; clk        ; clk      ; None                        ; None                      ; 2.952 ns                ;
; N/A                                     ; 314.66 MHz ( period = 3.178 ns )                    ; gen_ena:u1|cmpt[1]  ; gen_ena:u1|cmpt[19] ; clk        ; clk      ; None                        ; None                      ; 2.945 ns                ;
; N/A                                     ; 317.06 MHz ( period = 3.154 ns )                    ; gen_ena:u1|cmpt[15] ; gen_ena:u1|cmpt[0]  ; clk        ; clk      ; None                        ; None                      ; 2.909 ns                ;
; N/A                                     ; 317.06 MHz ( period = 3.154 ns )                    ; gen_ena:u1|cmpt[15] ; gen_ena:u1|cmpt[1]  ; clk        ; clk      ; None                        ; None                      ; 2.909 ns                ;
; N/A                                     ; 317.86 MHz ( period = 3.146 ns )                    ; gen_ena:u1|cmpt[7]  ; gen_ena:u1|cmpt[24] ; clk        ; clk      ; None                        ; None                      ; 2.913 ns                ;
; N/A                                     ; 317.86 MHz ( period = 3.146 ns )                    ; gen_ena:u1|cmpt[3]  ; gen_ena:u1|cmpt[20] ; clk        ; clk      ; None                        ; None                      ; 2.913 ns                ;
; N/A                                     ; 317.86 MHz ( period = 3.146 ns )                    ; gen_ena:u1|cmpt[2]  ; gen_ena:u1|cmpt[19] ; clk        ; clk      ; None                        ; None                      ; 2.913 ns                ;
; N/A                                     ; 317.97 MHz ( period = 3.145 ns )                    ; gen_ena:u1|cmpt[5]  ; gen_ena:u1|cmpt[22] ; clk        ; clk      ; None                        ; None                      ; 2.912 ns                ;
; N/A                                     ; 319.49 MHz ( period = 3.130 ns )                    ; gen_ena:u1|cmpt[22] ; gen_ena:u1|cmpt[0]  ; clk        ; clk      ; None                        ; None                      ; 2.885 ns                ;
; N/A                                     ; 320.20 MHz ( period = 3.123 ns )                    ; gen_ena:u1|cmpt[13] ; gen_ena:u1|cmpt[0]  ; clk        ; clk      ; None                        ; None                      ; 2.878 ns                ;
; N/A                                     ; 320.20 MHz ( period = 3.123 ns )                    ; gen_ena:u1|cmpt[13] ; gen_ena:u1|cmpt[1]  ; clk        ; clk      ; None                        ; None                      ; 2.878 ns                ;
; N/A                                     ; 321.34 MHz ( period = 3.112 ns )                    ; gen_ena:u1|cmpt[18] ; gen_ena:u1|cmpt[0]  ; clk        ; clk      ; None                        ; None                      ; 2.867 ns                ;
; N/A                                     ; 321.96 MHz ( period = 3.106 ns )                    ; gen_ena:u1|cmpt[8]  ; gen_ena:u1|cmpt[25] ; clk        ; clk      ; None                        ; None                      ; 2.873 ns                ;
; N/A                                     ; 321.96 MHz ( period = 3.106 ns )                    ; gen_ena:u1|cmpt[0]  ; gen_ena:u1|cmpt[17] ; clk        ; clk      ; None                        ; None                      ; 2.873 ns                ;
; N/A                                     ; 322.06 MHz ( period = 3.105 ns )                    ; gen_ena:u1|cmpt[6]  ; gen_ena:u1|cmpt[23] ; clk        ; clk      ; None                        ; None                      ; 2.872 ns                ;
; N/A                                     ; 322.79 MHz ( period = 3.098 ns )                    ; gen_ena:u1|cmpt[1]  ; gen_ena:u1|cmpt[18] ; clk        ; clk      ; None                        ; None                      ; 2.865 ns                ;
; N/A                                     ; 324.25 MHz ( period = 3.084 ns )                    ; gen_ena:u1|cmpt[21] ; gen_ena:u1|cmpt[1]  ; clk        ; clk      ; None                        ; None                      ; 2.839 ns                ;
; N/A                                     ; 326.16 MHz ( period = 3.066 ns )                    ; gen_ena:u1|cmpt[9]  ; gen_ena:u1|cmpt[25] ; clk        ; clk      ; None                        ; None                      ; 2.833 ns                ;
; N/A                                     ; 326.16 MHz ( period = 3.066 ns )                    ; gen_ena:u1|cmpt[7]  ; gen_ena:u1|cmpt[23] ; clk        ; clk      ; None                        ; None                      ; 2.833 ns                ;
; N/A                                     ; 326.16 MHz ( period = 3.066 ns )                    ; gen_ena:u1|cmpt[3]  ; gen_ena:u1|cmpt[19] ; clk        ; clk      ; None                        ; None                      ; 2.833 ns                ;
; N/A                                     ; 326.16 MHz ( period = 3.066 ns )                    ; gen_ena:u1|cmpt[2]  ; gen_ena:u1|cmpt[18] ; clk        ; clk      ; None                        ; None                      ; 2.833 ns                ;
; N/A                                     ; 326.26 MHz ( period = 3.065 ns )                    ; gen_ena:u1|cmpt[5]  ; gen_ena:u1|cmpt[21] ; clk        ; clk      ; None                        ; None                      ; 2.832 ns                ;
; N/A                                     ; 327.12 MHz ( period = 3.057 ns )                    ; gen_ena:u1|cmpt[20] ; gen_ena:u1|cmpt[1]  ; clk        ; clk      ; None                        ; None                      ; 2.812 ns                ;
; N/A                                     ; 328.73 MHz ( period = 3.042 ns )                    ; gen_ena:u1|cmpt[19] ; gen_ena:u1|cmpt[0]  ; clk        ; clk      ; None                        ; None                      ; 2.797 ns                ;
; N/A                                     ; 329.27 MHz ( period = 3.037 ns )                    ; gen_ena:u1|cmpt[4]  ; gen_ena:u1|cmpt[20] ; clk        ; clk      ; None                        ; None                      ; 2.804 ns                ;
; N/A                                     ; 330.47 MHz ( period = 3.026 ns )                    ; gen_ena:u1|cmpt[8]  ; gen_ena:u1|cmpt[24] ; clk        ; clk      ; None                        ; None                      ; 2.793 ns                ;
; N/A                                     ; 330.47 MHz ( period = 3.026 ns )                    ; gen_ena:u1|cmpt[0]  ; gen_ena:u1|cmpt[16] ; clk        ; clk      ; None                        ; None                      ; 2.793 ns                ;
; N/A                                     ; 330.58 MHz ( period = 3.025 ns )                    ; gen_ena:u1|cmpt[6]  ; gen_ena:u1|cmpt[22] ; clk        ; clk      ; None                        ; None                      ; 2.792 ns                ;
; N/A                                     ; 331.13 MHz ( period = 3.020 ns )                    ; gen_ena:u1|cmpt[17] ; gen_ena:u1|cmpt[0]  ; clk        ; clk      ; None                        ; None                      ; 2.775 ns                ;
; N/A                                     ; 331.24 MHz ( period = 3.019 ns )                    ; gen_ena:u1|cmpt[5]  ; gen_ena:u1|cmpt[0]  ; clk        ; clk      ; None                        ; None                      ; 2.780 ns                ;
; N/A                                     ; 331.24 MHz ( period = 3.019 ns )                    ; gen_ena:u1|cmpt[5]  ; gen_ena:u1|cmpt[1]  ; clk        ; clk      ; None                        ; None                      ; 2.780 ns                ;
; N/A                                     ; 331.35 MHz ( period = 3.018 ns )                    ; gen_ena:u1|cmpt[1]  ; gen_ena:u1|cmpt[17] ; clk        ; clk      ; None                        ; None                      ; 2.785 ns                ;
; N/A                                     ; 334.78 MHz ( period = 2.987 ns )                    ; gen_ena:u1|cmpt[4]  ; gen_ena:u1|cmpt[0]  ; clk        ; clk      ; None                        ; None                      ; 2.748 ns                ;
; N/A                                     ; 334.78 MHz ( period = 2.987 ns )                    ; gen_ena:u1|cmpt[4]  ; gen_ena:u1|cmpt[1]  ; clk        ; clk      ; None                        ; None                      ; 2.748 ns                ;
; N/A                                     ; 334.90 MHz ( period = 2.986 ns )                    ; gen_ena:u1|cmpt[9]  ; gen_ena:u1|cmpt[24] ; clk        ; clk      ; None                        ; None                      ; 2.753 ns                ;
; N/A                                     ; 334.90 MHz ( period = 2.986 ns )                    ; gen_ena:u1|cmpt[7]  ; gen_ena:u1|cmpt[22] ; clk        ; clk      ; None                        ; None                      ; 2.753 ns                ;
; N/A                                     ; 334.90 MHz ( period = 2.986 ns )                    ; gen_ena:u1|cmpt[2]  ; gen_ena:u1|cmpt[17] ; clk        ; clk      ; None                        ; None                      ; 2.753 ns                ;
; N/A                                     ; 334.90 MHz ( period = 2.986 ns )                    ; gen_ena:u1|cmpt[3]  ; gen_ena:u1|cmpt[18] ; clk        ; clk      ; None                        ; None                      ; 2.753 ns                ;
; N/A                                     ; 338.18 MHz ( period = 2.957 ns )                    ; gen_ena:u1|cmpt[4]  ; gen_ena:u1|cmpt[19] ; clk        ; clk      ; None                        ; None                      ; 2.724 ns                ;
; N/A                                     ; 339.44 MHz ( period = 2.946 ns )                    ; gen_ena:u1|cmpt[10] ; gen_ena:u1|cmpt[25] ; clk        ; clk      ; None                        ; None                      ; 2.713 ns                ;
; N/A                                     ; 339.44 MHz ( period = 2.946 ns )                    ; gen_ena:u1|cmpt[8]  ; gen_ena:u1|cmpt[23] ; clk        ; clk      ; None                        ; None                      ; 2.713 ns                ;
; N/A                                     ; 339.44 MHz ( period = 2.946 ns )                    ; gen_ena:u1|cmpt[0]  ; gen_ena:u1|cmpt[15] ; clk        ; clk      ; None                        ; None                      ; 2.713 ns                ;
; N/A                                     ; 339.56 MHz ( period = 2.945 ns )                    ; gen_ena:u1|cmpt[6]  ; gen_ena:u1|cmpt[21] ; clk        ; clk      ; None                        ; None                      ; 2.712 ns                ;
; N/A                                     ; 340.37 MHz ( period = 2.938 ns )                    ; gen_ena:u1|cmpt[1]  ; gen_ena:u1|cmpt[16] ; clk        ; clk      ; None                        ; None                      ; 2.705 ns                ;
; N/A                                     ; 340.72 MHz ( period = 2.935 ns )                    ; gen_ena:u1|cmpt[23] ; gen_ena:u1|cmpt[1]  ; clk        ; clk      ; None                        ; None                      ; 2.690 ns                ;
; N/A                                     ; 344.12 MHz ( period = 2.906 ns )                    ; gen_ena:u1|cmpt[7]  ; gen_ena:u1|cmpt[21] ; clk        ; clk      ; None                        ; None                      ; 2.673 ns                ;
; N/A                                     ; 344.12 MHz ( period = 2.906 ns )                    ; gen_ena:u1|cmpt[9]  ; gen_ena:u1|cmpt[23] ; clk        ; clk      ; None                        ; None                      ; 2.673 ns                ;
; N/A                                     ; 344.12 MHz ( period = 2.906 ns )                    ; gen_ena:u1|cmpt[3]  ; gen_ena:u1|cmpt[17] ; clk        ; clk      ; None                        ; None                      ; 2.673 ns                ;
; N/A                                     ; 344.12 MHz ( period = 2.906 ns )                    ; gen_ena:u1|cmpt[2]  ; gen_ena:u1|cmpt[16] ; clk        ; clk      ; None                        ; None                      ; 2.673 ns                ;
; N/A                                     ; 344.95 MHz ( period = 2.899 ns )                    ; gen_ena:u1|cmpt[7]  ; gen_ena:u1|cmpt[0]  ; clk        ; clk      ; None                        ; None                      ; 2.660 ns                ;
; N/A                                     ; 344.95 MHz ( period = 2.899 ns )                    ; gen_ena:u1|cmpt[7]  ; gen_ena:u1|cmpt[1]  ; clk        ; clk      ; None                        ; None                      ; 2.660 ns                ;
; N/A                                     ; 345.90 MHz ( period = 2.891 ns )                    ; gen_ena:u1|cmpt[5]  ; gen_ena:u1|cmpt[20] ; clk        ; clk      ; None                        ; None                      ; 2.658 ns                ;
; N/A                                     ; 347.58 MHz ( period = 2.877 ns )                    ; gen_ena:u1|cmpt[4]  ; gen_ena:u1|cmpt[18] ; clk        ; clk      ; None                        ; None                      ; 2.644 ns                ;
; N/A                                     ; 348.92 MHz ( period = 2.866 ns )                    ; gen_ena:u1|cmpt[11] ; gen_ena:u1|cmpt[25] ; clk        ; clk      ; None                        ; None                      ; 2.633 ns                ;
; N/A                                     ; 348.92 MHz ( period = 2.866 ns )                    ; gen_ena:u1|cmpt[10] ; gen_ena:u1|cmpt[24] ; clk        ; clk      ; None                        ; None                      ; 2.633 ns                ;
; N/A                                     ; 348.92 MHz ( period = 2.866 ns )                    ; gen_ena:u1|cmpt[8]  ; gen_ena:u1|cmpt[22] ; clk        ; clk      ; None                        ; None                      ; 2.633 ns                ;
; N/A                                     ; 348.92 MHz ( period = 2.866 ns )                    ; gen_ena:u1|cmpt[0]  ; gen_ena:u1|cmpt[14] ; clk        ; clk      ; None                        ; None                      ; 2.633 ns                ;
; N/A                                     ; 349.90 MHz ( period = 2.858 ns )                    ; gen_ena:u1|cmpt[1]  ; gen_ena:u1|cmpt[15] ; clk        ; clk      ; None                        ; None                      ; 2.625 ns                ;
; N/A                                     ; 353.86 MHz ( period = 2.826 ns )                    ; gen_ena:u1|cmpt[9]  ; gen_ena:u1|cmpt[22] ; clk        ; clk      ; None                        ; None                      ; 2.593 ns                ;
; N/A                                     ; 353.86 MHz ( period = 2.826 ns )                    ; gen_ena:u1|cmpt[3]  ; gen_ena:u1|cmpt[16] ; clk        ; clk      ; None                        ; None                      ; 2.593 ns                ;
; N/A                                     ; 353.86 MHz ( period = 2.826 ns )                    ; gen_ena:u1|cmpt[2]  ; gen_ena:u1|cmpt[15] ; clk        ; clk      ; None                        ; None                      ; 2.593 ns                ;
; N/A                                     ; 355.75 MHz ( period = 2.811 ns )                    ; gen_ena:u1|cmpt[5]  ; gen_ena:u1|cmpt[19] ; clk        ; clk      ; None                        ; None                      ; 2.578 ns                ;
; N/A                                     ; 356.51 MHz ( period = 2.805 ns )                    ; gen_ena:u1|cmpt[12] ; gen_ena:u1|cmpt[25] ; clk        ; clk      ; None                        ; None                      ; 2.572 ns                ;
; N/A                                     ; 357.53 MHz ( period = 2.797 ns )                    ; gen_ena:u1|cmpt[4]  ; gen_ena:u1|cmpt[17] ; clk        ; clk      ; None                        ; None                      ; 2.564 ns                ;
; N/A                                     ; 358.94 MHz ( period = 2.786 ns )                    ; gen_ena:u1|cmpt[11] ; gen_ena:u1|cmpt[24] ; clk        ; clk      ; None                        ; None                      ; 2.553 ns                ;
; N/A                                     ; 358.94 MHz ( period = 2.786 ns )                    ; gen_ena:u1|cmpt[8]  ; gen_ena:u1|cmpt[21] ; clk        ; clk      ; None                        ; None                      ; 2.553 ns                ;
; N/A                                     ; 358.94 MHz ( period = 2.786 ns )                    ; gen_ena:u1|cmpt[10] ; gen_ena:u1|cmpt[23] ; clk        ; clk      ; None                        ; None                      ; 2.553 ns                ;
; N/A                                     ; 358.94 MHz ( period = 2.786 ns )                    ; gen_ena:u1|cmpt[0]  ; gen_ena:u1|cmpt[13] ; clk        ; clk      ; None                        ; None                      ; 2.553 ns                ;
; N/A                                     ; 359.84 MHz ( period = 2.779 ns )                    ; gen_ena:u1|cmpt[22] ; gen_ena:u1|cmpt[1]  ; clk        ; clk      ; None                        ; None                      ; 2.534 ns                ;
; N/A                                     ; 359.97 MHz ( period = 2.778 ns )                    ; gen_ena:u1|cmpt[1]  ; gen_ena:u1|cmpt[14] ; clk        ; clk      ; None                        ; None                      ; 2.545 ns                ;
; N/A                                     ; 360.88 MHz ( period = 2.771 ns )                    ; gen_ena:u1|cmpt[6]  ; gen_ena:u1|cmpt[20] ; clk        ; clk      ; None                        ; None                      ; 2.538 ns                ;
; N/A                                     ; 362.19 MHz ( period = 2.761 ns )                    ; gen_ena:u1|cmpt[18] ; gen_ena:u1|cmpt[1]  ; clk        ; clk      ; None                        ; None                      ; 2.516 ns                ;
; N/A                                     ; 364.17 MHz ( period = 2.746 ns )                    ; gen_ena:u1|cmpt[9]  ; gen_ena:u1|cmpt[21] ; clk        ; clk      ; None                        ; None                      ; 2.513 ns                ;
; N/A                                     ; 364.17 MHz ( period = 2.746 ns )                    ; gen_ena:u1|cmpt[3]  ; gen_ena:u1|cmpt[15] ; clk        ; clk      ; None                        ; None                      ; 2.513 ns                ;
; N/A                                     ; 364.17 MHz ( period = 2.746 ns )                    ; gen_ena:u1|cmpt[2]  ; gen_ena:u1|cmpt[14] ; clk        ; clk      ; None                        ; None                      ; 2.513 ns                ;
; N/A                                     ; 364.30 MHz ( period = 2.745 ns )                    ; gen_ena:u1|cmpt[6]  ; gen_ena:u1|cmpt[0]  ; clk        ; clk      ; None                        ; None                      ; 2.506 ns                ;
; N/A                                     ; 364.30 MHz ( period = 2.745 ns )                    ; gen_ena:u1|cmpt[6]  ; gen_ena:u1|cmpt[1]  ; clk        ; clk      ; None                        ; None                      ; 2.506 ns                ;
; N/A                                     ; 365.23 MHz ( period = 2.738 ns )                    ; gen_ena:u1|cmpt[16] ; gen_ena:u1|cmpt[0]  ; clk        ; clk      ; None                        ; None                      ; 2.493 ns                ;
; N/A                                     ; 366.03 MHz ( period = 2.732 ns )                    ; gen_ena:u1|cmpt[7]  ; gen_ena:u1|cmpt[20] ; clk        ; clk      ; None                        ; None                      ; 2.499 ns                ;
; N/A                                     ; 366.17 MHz ( period = 2.731 ns )                    ; gen_ena:u1|cmpt[5]  ; gen_ena:u1|cmpt[18] ; clk        ; clk      ; None                        ; None                      ; 2.498 ns                ;
; N/A                                     ; 366.97 MHz ( period = 2.725 ns )                    ; gen_ena:u1|cmpt[12] ; gen_ena:u1|cmpt[24] ; clk        ; clk      ; None                        ; None                      ; 2.492 ns                ;
; N/A                                     ; 368.05 MHz ( period = 2.717 ns )                    ; gen_ena:u1|cmpt[4]  ; gen_ena:u1|cmpt[16] ; clk        ; clk      ; None                        ; None                      ; 2.484 ns                ;
; N/A                                     ; 369.55 MHz ( period = 2.706 ns )                    ; gen_ena:u1|cmpt[11] ; gen_ena:u1|cmpt[23] ; clk        ; clk      ; None                        ; None                      ; 2.473 ns                ;
; N/A                                     ; 369.55 MHz ( period = 2.706 ns )                    ; gen_ena:u1|cmpt[10] ; gen_ena:u1|cmpt[22] ; clk        ; clk      ; None                        ; None                      ; 2.473 ns                ;
; N/A                                     ; 370.64 MHz ( period = 2.698 ns )                    ; gen_ena:u1|cmpt[1]  ; gen_ena:u1|cmpt[13] ; clk        ; clk      ; None                        ; None                      ; 2.465 ns                ;
; N/A                                     ; 371.61 MHz ( period = 2.691 ns )                    ; gen_ena:u1|cmpt[6]  ; gen_ena:u1|cmpt[19] ; clk        ; clk      ; None                        ; None                      ; 2.458 ns                ;
; N/A                                     ; 371.61 MHz ( period = 2.691 ns )                    ; gen_ena:u1|cmpt[19] ; gen_ena:u1|cmpt[1]  ; clk        ; clk      ; None                        ; None                      ; 2.446 ns                ;
; N/A                                     ; 374.67 MHz ( period = 2.669 ns )                    ; gen_ena:u1|cmpt[17] ; gen_ena:u1|cmpt[1]  ; clk        ; clk      ; None                        ; None                      ; 2.424 ns                ;
; N/A                                     ; 375.09 MHz ( period = 2.666 ns )                    ; gen_ena:u1|cmpt[2]  ; gen_ena:u1|cmpt[13] ; clk        ; clk      ; None                        ; None                      ; 2.433 ns                ;
; N/A                                     ; 375.09 MHz ( period = 2.666 ns )                    ; gen_ena:u1|cmpt[3]  ; gen_ena:u1|cmpt[14] ; clk        ; clk      ; None                        ; None                      ; 2.433 ns                ;
; N/A                                     ; 377.07 MHz ( period = 2.652 ns )                    ; gen_ena:u1|cmpt[7]  ; gen_ena:u1|cmpt[19] ; clk        ; clk      ; None                        ; None                      ; 2.419 ns                ;
; N/A                                     ; 377.22 MHz ( period = 2.651 ns )                    ; gen_ena:u1|cmpt[5]  ; gen_ena:u1|cmpt[17] ; clk        ; clk      ; None                        ; None                      ; 2.418 ns                ;
; N/A                                     ; 378.07 MHz ( period = 2.645 ns )                    ; gen_ena:u1|cmpt[12] ; gen_ena:u1|cmpt[23] ; clk        ; clk      ; None                        ; None                      ; 2.412 ns                ;
; N/A                                     ; 379.22 MHz ( period = 2.637 ns )                    ; gen_ena:u1|cmpt[4]  ; gen_ena:u1|cmpt[15] ; clk        ; clk      ; None                        ; None                      ; 2.404 ns                ;
; N/A                                     ; 380.08 MHz ( period = 2.631 ns )                    ; gen_ena:u1|cmpt[0]  ; gen_ena:u1|cmpt[12] ; clk        ; clk      ; None                        ; None                      ; 2.392 ns                ;
; N/A                                     ; Restricted to 380.08 MHz ( period = 2.631 ns )      ; gen_ena:u1|cmpt[10] ; gen_ena:u1|cmpt[21] ; clk        ; clk      ; None                        ; None                      ; 2.393 ns                ;
; N/A                                     ; Restricted to 380.08 MHz ( period = 2.631 ns )      ; gen_ena:u1|cmpt[11] ; gen_ena:u1|cmpt[22] ; clk        ; clk      ; None                        ; None                      ; 2.393 ns                ;
; N/A                                     ; Restricted to 380.08 MHz ( period = 2.631 ns )      ; gen_ena:u1|cmpt[13] ; gen_ena:u1|cmpt[25] ; clk        ; clk      ; None                        ; None                      ; 2.383 ns                ;
; N/A                                     ; Restricted to 380.08 MHz ( period = 2.631 ns )      ; gen_ena:u1|cmpt[8]  ; gen_ena:u1|cmpt[20] ; clk        ; clk      ; None                        ; None                      ; 2.379 ns                ;
; N/A                                     ; Restricted to 380.08 MHz ( period = 2.631 ns )      ; gen_ena:u1|cmpt[6]  ; gen_ena:u1|cmpt[18] ; clk        ; clk      ; None                        ; None                      ; 2.378 ns                ;
; N/A                                     ; Restricted to 380.08 MHz ( period = 2.631 ns )      ; gen_ena:u1|cmpt[3]  ; gen_ena:u1|cmpt[13] ; clk        ; clk      ; None                        ; None                      ; 2.353 ns                ;
; N/A                                     ; Restricted to 380.08 MHz ( period = 2.631 ns )      ; gen_ena:u1|cmpt[25] ; gen_ena:u1|cmpt[0]  ; clk        ; clk      ; None                        ; None                      ; 2.337 ns                ;
; N/A                                     ; Restricted to 380.08 MHz ( period = 2.631 ns )      ; gen_ena:u1|cmpt[9]  ; gen_ena:u1|cmpt[20] ; clk        ; clk      ; None                        ; None                      ; 2.339 ns                ;
; N/A                                     ; Restricted to 380.08 MHz ( period = 2.631 ns )      ; gen_ena:u1|cmpt[7]  ; gen_ena:u1|cmpt[18] ; clk        ; clk      ; None                        ; None                      ; 2.339 ns                ;
; N/A                                     ; Restricted to 380.08 MHz ( period = 2.631 ns )      ; gen_ena:u1|cmpt[5]  ; gen_ena:u1|cmpt[16] ; clk        ; clk      ; None                        ; None                      ; 2.338 ns                ;
; N/A                                     ; Restricted to 380.08 MHz ( period = 2.631 ns )      ; gen_ena:u1|cmpt[12] ; gen_ena:u1|cmpt[22] ; clk        ; clk      ; None                        ; None                      ; 2.332 ns                ;
; N/A                                     ; Restricted to 380.08 MHz ( period = 2.631 ns )      ; gen_ena:u1|cmpt[14] ; gen_ena:u1|cmpt[25] ; clk        ; clk      ; None                        ; None                      ; 2.319 ns                ;
; N/A                                     ; Restricted to 380.08 MHz ( period = 2.631 ns )      ; gen_ena:u1|cmpt[4]  ; gen_ena:u1|cmpt[14] ; clk        ; clk      ; None                        ; None                      ; 2.324 ns                ;
; N/A                                     ; Restricted to 380.08 MHz ( period = 2.631 ns )      ; gen_ena:u1|cmpt[0]  ; gen_ena:u1|cmpt[11] ; clk        ; clk      ; None                        ; None                      ; 2.312 ns                ;
; N/A                                     ; Restricted to 380.08 MHz ( period = 2.631 ns )      ; gen_ena:u1|cmpt[11] ; gen_ena:u1|cmpt[21] ; clk        ; clk      ; None                        ; None                      ; 2.313 ns                ;
; N/A                                     ; Restricted to 380.08 MHz ( period = 2.631 ns )      ; gen_ena:u1|cmpt[1]  ; gen_ena:u1|cmpt[12] ; clk        ; clk      ; None                        ; None                      ; 2.304 ns                ;
; N/A                                     ; Restricted to 380.08 MHz ( period = 2.631 ns )      ; gen_ena:u1|cmpt[13] ; gen_ena:u1|cmpt[24] ; clk        ; clk      ; None                        ; None                      ; 2.303 ns                ;
; N/A                                     ; Restricted to 380.08 MHz ( period = 2.631 ns )      ; gen_ena:u1|cmpt[8]  ; gen_ena:u1|cmpt[19] ; clk        ; clk      ; None                        ; None                      ; 2.299 ns                ;
; N/A                                     ; Restricted to 380.08 MHz ( period = 2.631 ns )      ; gen_ena:u1|cmpt[6]  ; gen_ena:u1|cmpt[17] ; clk        ; clk      ; None                        ; None                      ; 2.298 ns                ;
; N/A                                     ; Restricted to 380.08 MHz ( period = 2.631 ns )      ; gen_ena:u1|cmpt[24] ; gen_ena:u1|cmpt[0]  ; clk        ; clk      ; None                        ; None                      ; 2.284 ns                ;
; N/A                                     ; Restricted to 380.08 MHz ( period = 2.631 ns )      ; gen_ena:u1|cmpt[2]  ; gen_ena:u1|cmpt[12] ; clk        ; clk      ; None                        ; None                      ; 2.272 ns                ;
; Timing analysis restricted to 200 rows. ; To change the limit use Settings (Assignments menu) ;                     ;                     ;            ;          ;                             ;                           ;                         ;
+-----------------------------------------+-----------------------------------------------------+---------------------+---------------------+------------+----------+-----------------------------+---------------------------+-------------------------+


+---------------------------------------------------------------------------+
; tco                                                                       ;
+-------+--------------+------------+-------------------+------+------------+
; Slack ; Required tco ; Actual tco ; From              ; To   ; From Clock ;
+-------+--------------+------------+-------------------+------+------------+
; N/A   ; None         ; 7.821 ns   ; cmpt4:u2|d_int[3] ; d[3] ; clk        ;
; N/A   ; None         ; 7.501 ns   ; cmpt4:u2|d_int[2] ; d[2] ; clk        ;
; N/A   ; None         ; 7.170 ns   ; cmpt4:u2|d_int[1] ; d[1] ; clk        ;
; N/A   ; None         ; 6.789 ns   ; cmpt4:u2|d_int[0] ; d[0] ; clk        ;
+-------+--------------+------------+-------------------+------+------------+


+--------------------------+
; Timing Analyzer Messages ;
+--------------------------+
Info: *******************************************************************
Info: Running Quartus II Classic Timing Analyzer
    Info: Version 9.1 Build 222 10/21/2009 SJ Web Edition
    Info: Processing started: Mon Feb 29 16:44:14 2016
Info: Command: quartus_tan --read_settings_files=off --write_settings_files=off cmpt4_50Mhz -c cmpt4_50Mhz --timing_analysis_only
Warning: Found pins functioning as undefined clocks and/or memory enables
    Info: Assuming node "clk" is an undefined clock
Info: Clock "clk" has Internal fmax of 176.43 MHz between source register "gen_ena:u1|cmpt[8]" and destination register "gen_ena:u1|clk_ena" (period= 5.668 ns)
    Info: + Longest register to register delay is 5.451 ns
        Info: 1: + IC(0.000 ns) + CELL(0.000 ns) = 0.000 ns; Loc. = LCFF_X21_Y19_N23; Fanout = 3; REG Node = 'gen_ena:u1|cmpt[8]'
        Info: 2: + IC(1.184 ns) + CELL(0.455 ns) = 1.639 ns; Loc. = LCCOMB_X20_Y17_N0; Fanout = 1; COMB Node = 'gen_ena:u1|Equal0~2'
        Info: 3: + IC(0.832 ns) + CELL(0.512 ns) = 2.983 ns; Loc. = LCCOMB_X21_Y19_N4; Fanout = 3; COMB Node = 'gen_ena:u1|Equal0~4'
        Info: 4: + IC(2.194 ns) + CELL(0.178 ns) = 5.355 ns; Loc. = LCCOMB_X47_Y11_N8; Fanout = 1; COMB Node = 'gen_ena:u1|Equal0~8'
        Info: 5: + IC(0.000 ns) + CELL(0.096 ns) = 5.451 ns; Loc. = LCFF_X47_Y11_N9; Fanout = 4; REG Node = 'gen_ena:u1|clk_ena'
        Info: Total cell delay = 1.241 ns ( 22.77 % )
        Info: Total interconnect delay = 4.210 ns ( 77.23 % )
    Info: - Smallest clock skew is 0.022 ns
        Info: + Shortest clock path from clock "clk" to destination register is 2.866 ns
            Info: 1: + IC(0.000 ns) + CELL(1.026 ns) = 1.026 ns; Loc. = PIN_L1; Fanout = 1; CLK Node = 'clk'
            Info: 2: + IC(0.238 ns) + CELL(0.000 ns) = 1.264 ns; Loc. = CLKCTRL_G2; Fanout = 31; COMB Node = 'clk~clkctrl'
            Info: 3: + IC(1.000 ns) + CELL(0.602 ns) = 2.866 ns; Loc. = LCFF_X47_Y11_N9; Fanout = 4; REG Node = 'gen_ena:u1|clk_ena'
            Info: Total cell delay = 1.628 ns ( 56.80 % )
            Info: Total interconnect delay = 1.238 ns ( 43.20 % )
        Info: - Longest clock path from clock "clk" to source register is 2.844 ns
            Info: 1: + IC(0.000 ns) + CELL(1.026 ns) = 1.026 ns; Loc. = PIN_L1; Fanout = 1; CLK Node = 'clk'
            Info: 2: + IC(0.238 ns) + CELL(0.000 ns) = 1.264 ns; Loc. = CLKCTRL_G2; Fanout = 31; COMB Node = 'clk~clkctrl'
            Info: 3: + IC(0.978 ns) + CELL(0.602 ns) = 2.844 ns; Loc. = LCFF_X21_Y19_N23; Fanout = 3; REG Node = 'gen_ena:u1|cmpt[8]'
            Info: Total cell delay = 1.628 ns ( 57.24 % )
            Info: Total interconnect delay = 1.216 ns ( 42.76 % )
    Info: + Micro clock to output delay of source is 0.277 ns
    Info: + Micro setup delay of destination is -0.038 ns
Info: tco from clock "clk" to destination pin "d[3]" through register "cmpt4:u2|d_int[3]" is 7.821 ns
    Info: + Longest clock path from clock "clk" to source register is 2.866 ns
        Info: 1: + IC(0.000 ns) + CELL(1.026 ns) = 1.026 ns; Loc. = PIN_L1; Fanout = 1; CLK Node = 'clk'
        Info: 2: + IC(0.238 ns) + CELL(0.000 ns) = 1.264 ns; Loc. = CLKCTRL_G2; Fanout = 31; COMB Node = 'clk~clkctrl'
        Info: 3: + IC(1.000 ns) + CELL(0.602 ns) = 2.866 ns; Loc. = LCFF_X47_Y11_N23; Fanout = 2; REG Node = 'cmpt4:u2|d_int[3]'
        Info: Total cell delay = 1.628 ns ( 56.80 % )
        Info: Total interconnect delay = 1.238 ns ( 43.20 % )
    Info: + Micro clock to output delay of source is 0.277 ns
    Info: + Longest register to pin delay is 4.678 ns
        Info: 1: + IC(0.000 ns) + CELL(0.000 ns) = 0.000 ns; Loc. = LCFF_X47_Y11_N23; Fanout = 2; REG Node = 'cmpt4:u2|d_int[3]'
        Info: 2: + IC(1.828 ns) + CELL(2.850 ns) = 4.678 ns; Loc. = PIN_Y19; Fanout = 0; PIN Node = 'd[3]'
        Info: Total cell delay = 2.850 ns ( 60.92 % )
        Info: Total interconnect delay = 1.828 ns ( 39.08 % )
Info: Quartus II Classic Timing Analyzer was successful. 0 errors, 1 warning
    Info: Peak virtual memory: 179 megabytes
    Info: Processing ended: Mon Feb 29 16:44:28 2016
    Info: Elapsed time: 00:00:14
    Info: Total CPU time (on all processors): 00:00:00


