Classic Timing Analyzer report for cmpt_09_aff
Mon Mar 07 15:29:35 2016
Quartus II Version 9.1 Build 222 10/21/2009 SJ Web Edition


---------------------
; Table of Contents ;
---------------------
  1. Legal Notice
  2. Timing Analyzer Summary
  3. Timing Analyzer Settings
  4. Clock Settings Summary
  5. Parallel Compilation
  6. Clock Setup: 'clk'
  7. tco
  8. Timing Analyzer Messages



----------------
; Legal Notice ;
----------------
Copyright (C) 1991-2009 Altera Corporation
Your use of Altera Corporation's design tools, logic functions 
and other software and tools, and its AMPP partner logic 
functions, and any output files from any of the foregoing 
(including device programming or simulation files), and any 
associated documentation or information are expressly subject 
to the terms and conditions of the Altera Program License 
Subscription Agreement, Altera MegaCore Function License 
Agreement, or other applicable license agreement, including, 
without limitation, that your use is for the sole purpose of 
programming logic devices manufactured by Altera and sold by 
Altera or its authorized distributors.  Please refer to the 
applicable agreement for further details.



+----------------------------------------------------------------------------------------------------------------------------------------------------------------------------+
; Timing Analyzer Summary                                                                                                                                                    ;
+------------------------------+-------+---------------+----------------------------------+----------------------+--------------------+------------+----------+--------------+
; Type                         ; Slack ; Required Time ; Actual Time                      ; From                 ; To                 ; From Clock ; To Clock ; Failed Paths ;
+------------------------------+-------+---------------+----------------------------------+----------------------+--------------------+------------+----------+--------------+
; Worst-case tco               ; N/A   ; None          ; 7.993 ns                         ; cmpt_bcd:u2|d_int[2] ; b                  ; clk        ; --       ; 0            ;
; Clock Setup: 'clk'           ; N/A   ; None          ; 204.75 MHz ( period = 4.884 ns ) ; gen_ena:u1|cmpt[6]   ; gen_ena:u1|cmpt[0] ; clk        ; clk      ; 0            ;
; Total number of failed paths ;       ;               ;                                  ;                      ;                    ;            ;          ; 0            ;
+------------------------------+-------+---------------+----------------------------------+----------------------+--------------------+------------+----------+--------------+


+-----------------------------------------------------------------------------------------------------------------------------------------------------+
; Timing Analyzer Settings                                                                                                                            ;
+------------------------------------------------------------------------------------------------------+--------------------+------+----+-------------+
; Option                                                                                               ; Setting            ; From ; To ; Entity Name ;
+------------------------------------------------------------------------------------------------------+--------------------+------+----+-------------+
; Device Name                                                                                          ; EP2C20F484C7       ;      ;    ;             ;
; Timing Models                                                                                        ; Final              ;      ;    ;             ;
; Default hold multicycle                                                                              ; Same as Multicycle ;      ;    ;             ;
; Cut paths between unrelated clock domains                                                            ; On                 ;      ;    ;             ;
; Cut off read during write signal paths                                                               ; On                 ;      ;    ;             ;
; Cut off feedback from I/O pins                                                                       ; On                 ;      ;    ;             ;
; Report Combined Fast/Slow Timing                                                                     ; Off                ;      ;    ;             ;
; Ignore Clock Settings                                                                                ; Off                ;      ;    ;             ;
; Analyze latches as synchronous elements                                                              ; On                 ;      ;    ;             ;
; Enable Recovery/Removal analysis                                                                     ; Off                ;      ;    ;             ;
; Enable Clock Latency                                                                                 ; Off                ;      ;    ;             ;
; Use TimeQuest Timing Analyzer                                                                        ; Off                ;      ;    ;             ;
; Minimum Core Junction Temperature                                                                    ; 0                  ;      ;    ;             ;
; Maximum Core Junction Temperature                                                                    ; 85                 ;      ;    ;             ;
; Number of source nodes to report per destination node                                                ; 10                 ;      ;    ;             ;
; Number of destination nodes to report                                                                ; 10                 ;      ;    ;             ;
; Number of paths to report                                                                            ; 200                ;      ;    ;             ;
; Report Minimum Timing Checks                                                                         ; Off                ;      ;    ;             ;
; Use Fast Timing Models                                                                               ; Off                ;      ;    ;             ;
; Report IO Paths Separately                                                                           ; Off                ;      ;    ;             ;
; Perform Multicorner Analysis                                                                         ; On                 ;      ;    ;             ;
; Reports the worst-case path for each clock domain and analysis                                       ; Off                ;      ;    ;             ;
; Reports worst-case timing paths for each clock domain and analysis                                   ; On                 ;      ;    ;             ;
; Specifies the maximum number of worst-case timing paths to report for each clock domain and analysis ; 100                ;      ;    ;             ;
; Removes common clock path pessimism (CCPP) during slack computation                                  ; Off                ;      ;    ;             ;
; Output I/O Timing Endpoint                                                                           ; Near End           ;      ;    ;             ;
+------------------------------------------------------------------------------------------------------+--------------------+------+----+-------------+


+------------------------------------------------------------------------------------------------------------------------------------------------------------------------------------+
; Clock Settings Summary                                                                                                                                                             ;
+-----------------+--------------------+----------+------------------+---------------+--------------+----------+-----------------------+---------------------+--------+--------------+
; Clock Node Name ; Clock Setting Name ; Type     ; Fmax Requirement ; Early Latency ; Late Latency ; Based on ; Multiply Base Fmax by ; Divide Base Fmax by ; Offset ; Phase offset ;
+-----------------+--------------------+----------+------------------+---------------+--------------+----------+-----------------------+---------------------+--------+--------------+
; clk             ;                    ; User Pin ; None             ; 0.000 ns      ; 0.000 ns     ; --       ; N/A                   ; N/A                 ; N/A    ;              ;
+-----------------+--------------------+----------+------------------+---------------+--------------+----------+-----------------------+---------------------+--------+--------------+


Parallel compilation was disabled, but you have multiple processors available. Enable parallel compilation to reduce compilation time.
+-------------------------------------+
; Parallel Compilation                ;
+----------------------------+--------+
; Processors                 ; Number ;
+----------------------------+--------+
; Number detected on machine ; 2      ;
; Maximum allowed            ; 1      ;
+----------------------------+--------+


+-------------------------------------------------------------------------------------------------------------------------------------------------------------------------------------------------------------------------------------------------------+
; Clock Setup: 'clk'                                                                                                                                                                                                                                    ;
+-----------------------------------------+-----------------------------------------------------+---------------------+---------------------+------------+----------+-----------------------------+---------------------------+-------------------------+
; Slack                                   ; Actual fmax (period)                                ; From                ; To                  ; From Clock ; To Clock ; Required Setup Relationship ; Required Longest P2P Time ; Actual Longest P2P Time ;
+-----------------------------------------+-----------------------------------------------------+---------------------+---------------------+------------+----------+-----------------------------+---------------------------+-------------------------+
; N/A                                     ; 204.75 MHz ( period = 4.884 ns )                    ; gen_ena:u1|cmpt[6]  ; gen_ena:u1|cmpt[0]  ; clk        ; clk      ; None                        ; None                      ; 4.645 ns                ;
; N/A                                     ; 206.44 MHz ( period = 4.844 ns )                    ; gen_ena:u1|cmpt[6]  ; gen_ena:u1|cmpt[17] ; clk        ; clk      ; None                        ; None                      ; 4.595 ns                ;
; N/A                                     ; 206.48 MHz ( period = 4.843 ns )                    ; gen_ena:u1|cmpt[6]  ; gen_ena:u1|cmpt[19] ; clk        ; clk      ; None                        ; None                      ; 4.594 ns                ;
; N/A                                     ; 206.53 MHz ( period = 4.842 ns )                    ; gen_ena:u1|cmpt[6]  ; gen_ena:u1|cmpt[21] ; clk        ; clk      ; None                        ; None                      ; 4.593 ns                ;
; N/A                                     ; 206.53 MHz ( period = 4.842 ns )                    ; gen_ena:u1|cmpt[6]  ; gen_ena:u1|cmpt[20] ; clk        ; clk      ; None                        ; None                      ; 4.593 ns                ;
; N/A                                     ; 207.68 MHz ( period = 4.815 ns )                    ; gen_ena:u1|cmpt[5]  ; gen_ena:u1|cmpt[0]  ; clk        ; clk      ; None                        ; None                      ; 4.576 ns                ;
; N/A                                     ; 209.42 MHz ( period = 4.775 ns )                    ; gen_ena:u1|cmpt[5]  ; gen_ena:u1|cmpt[17] ; clk        ; clk      ; None                        ; None                      ; 4.526 ns                ;
; N/A                                     ; 209.47 MHz ( period = 4.774 ns )                    ; gen_ena:u1|cmpt[5]  ; gen_ena:u1|cmpt[19] ; clk        ; clk      ; None                        ; None                      ; 4.525 ns                ;
; N/A                                     ; 209.51 MHz ( period = 4.773 ns )                    ; gen_ena:u1|cmpt[5]  ; gen_ena:u1|cmpt[21] ; clk        ; clk      ; None                        ; None                      ; 4.524 ns                ;
; N/A                                     ; 209.51 MHz ( period = 4.773 ns )                    ; gen_ena:u1|cmpt[5]  ; gen_ena:u1|cmpt[20] ; clk        ; clk      ; None                        ; None                      ; 4.524 ns                ;
; N/A                                     ; 209.91 MHz ( period = 4.764 ns )                    ; gen_ena:u1|cmpt[6]  ; gen_ena:u1|cmpt[22] ; clk        ; clk      ; None                        ; None                      ; 4.515 ns                ;
; N/A                                     ; 209.95 MHz ( period = 4.763 ns )                    ; gen_ena:u1|cmpt[6]  ; gen_ena:u1|cmpt[12] ; clk        ; clk      ; None                        ; None                      ; 4.514 ns                ;
; N/A                                     ; 210.00 MHz ( period = 4.762 ns )                    ; gen_ena:u1|cmpt[6]  ; gen_ena:u1|cmpt[14] ; clk        ; clk      ; None                        ; None                      ; 4.513 ns                ;
; N/A                                     ; 210.00 MHz ( period = 4.762 ns )                    ; gen_ena:u1|cmpt[6]  ; gen_ena:u1|cmpt[13] ; clk        ; clk      ; None                        ; None                      ; 4.513 ns                ;
; N/A                                     ; 210.04 MHz ( period = 4.761 ns )                    ; gen_ena:u1|cmpt[6]  ; gen_ena:u1|cmpt[15] ; clk        ; clk      ; None                        ; None                      ; 4.512 ns                ;
; N/A                                     ; 210.26 MHz ( period = 4.756 ns )                    ; gen_ena:u1|cmpt[6]  ; gen_ena:u1|cmpt[7]  ; clk        ; clk      ; None                        ; None                      ; 4.507 ns                ;
; N/A                                     ; 212.99 MHz ( period = 4.695 ns )                    ; gen_ena:u1|cmpt[5]  ; gen_ena:u1|cmpt[22] ; clk        ; clk      ; None                        ; None                      ; 4.446 ns                ;
; N/A                                     ; 213.04 MHz ( period = 4.694 ns )                    ; gen_ena:u1|cmpt[5]  ; gen_ena:u1|cmpt[12] ; clk        ; clk      ; None                        ; None                      ; 4.445 ns                ;
; N/A                                     ; 213.08 MHz ( period = 4.693 ns )                    ; gen_ena:u1|cmpt[5]  ; gen_ena:u1|cmpt[14] ; clk        ; clk      ; None                        ; None                      ; 4.444 ns                ;
; N/A                                     ; 213.08 MHz ( period = 4.693 ns )                    ; gen_ena:u1|cmpt[5]  ; gen_ena:u1|cmpt[13] ; clk        ; clk      ; None                        ; None                      ; 4.444 ns                ;
; N/A                                     ; 213.13 MHz ( period = 4.692 ns )                    ; gen_ena:u1|cmpt[5]  ; gen_ena:u1|cmpt[15] ; clk        ; clk      ; None                        ; None                      ; 4.443 ns                ;
; N/A                                     ; 213.22 MHz ( period = 4.690 ns )                    ; gen_ena:u1|cmpt[15] ; gen_ena:u1|cmpt[0]  ; clk        ; clk      ; None                        ; None                      ; 4.461 ns                ;
; N/A                                     ; 213.36 MHz ( period = 4.687 ns )                    ; gen_ena:u1|cmpt[5]  ; gen_ena:u1|cmpt[7]  ; clk        ; clk      ; None                        ; None                      ; 4.438 ns                ;
; N/A                                     ; 214.82 MHz ( period = 4.655 ns )                    ; gen_ena:u1|cmpt[14] ; gen_ena:u1|cmpt[0]  ; clk        ; clk      ; None                        ; None                      ; 4.426 ns                ;
; N/A                                     ; 215.05 MHz ( period = 4.650 ns )                    ; gen_ena:u1|cmpt[15] ; gen_ena:u1|cmpt[17] ; clk        ; clk      ; None                        ; None                      ; 4.411 ns                ;
; N/A                                     ; 215.10 MHz ( period = 4.649 ns )                    ; gen_ena:u1|cmpt[15] ; gen_ena:u1|cmpt[19] ; clk        ; clk      ; None                        ; None                      ; 4.410 ns                ;
; N/A                                     ; 215.15 MHz ( period = 4.648 ns )                    ; gen_ena:u1|cmpt[15] ; gen_ena:u1|cmpt[21] ; clk        ; clk      ; None                        ; None                      ; 4.409 ns                ;
; N/A                                     ; 215.15 MHz ( period = 4.648 ns )                    ; gen_ena:u1|cmpt[15] ; gen_ena:u1|cmpt[20] ; clk        ; clk      ; None                        ; None                      ; 4.409 ns                ;
; N/A                                     ; 215.98 MHz ( period = 4.630 ns )                    ; gen_ena:u1|cmpt[4]  ; gen_ena:u1|cmpt[0]  ; clk        ; clk      ; None                        ; None                      ; 4.391 ns                ;
; N/A                                     ; 216.68 MHz ( period = 4.615 ns )                    ; gen_ena:u1|cmpt[14] ; gen_ena:u1|cmpt[17] ; clk        ; clk      ; None                        ; None                      ; 4.376 ns                ;
; N/A                                     ; 216.73 MHz ( period = 4.614 ns )                    ; gen_ena:u1|cmpt[14] ; gen_ena:u1|cmpt[19] ; clk        ; clk      ; None                        ; None                      ; 4.375 ns                ;
; N/A                                     ; 216.78 MHz ( period = 4.613 ns )                    ; gen_ena:u1|cmpt[14] ; gen_ena:u1|cmpt[21] ; clk        ; clk      ; None                        ; None                      ; 4.374 ns                ;
; N/A                                     ; 216.78 MHz ( period = 4.613 ns )                    ; gen_ena:u1|cmpt[14] ; gen_ena:u1|cmpt[20] ; clk        ; clk      ; None                        ; None                      ; 4.374 ns                ;
; N/A                                     ; 217.86 MHz ( period = 4.590 ns )                    ; gen_ena:u1|cmpt[4]  ; gen_ena:u1|cmpt[17] ; clk        ; clk      ; None                        ; None                      ; 4.341 ns                ;
; N/A                                     ; 217.91 MHz ( period = 4.589 ns )                    ; gen_ena:u1|cmpt[4]  ; gen_ena:u1|cmpt[19] ; clk        ; clk      ; None                        ; None                      ; 4.340 ns                ;
; N/A                                     ; 217.96 MHz ( period = 4.588 ns )                    ; gen_ena:u1|cmpt[4]  ; gen_ena:u1|cmpt[21] ; clk        ; clk      ; None                        ; None                      ; 4.339 ns                ;
; N/A                                     ; 217.96 MHz ( period = 4.588 ns )                    ; gen_ena:u1|cmpt[4]  ; gen_ena:u1|cmpt[20] ; clk        ; clk      ; None                        ; None                      ; 4.339 ns                ;
; N/A                                     ; 218.01 MHz ( period = 4.587 ns )                    ; gen_ena:u1|cmpt[0]  ; gen_ena:u1|cmpt[22] ; clk        ; clk      ; None                        ; None                      ; 4.338 ns                ;
; N/A                                     ; 218.82 MHz ( period = 4.570 ns )                    ; gen_ena:u1|cmpt[15] ; gen_ena:u1|cmpt[22] ; clk        ; clk      ; None                        ; None                      ; 4.331 ns                ;
; N/A                                     ; 218.87 MHz ( period = 4.569 ns )                    ; gen_ena:u1|cmpt[15] ; gen_ena:u1|cmpt[12] ; clk        ; clk      ; None                        ; None                      ; 4.330 ns                ;
; N/A                                     ; 218.91 MHz ( period = 4.568 ns )                    ; gen_ena:u1|cmpt[15] ; gen_ena:u1|cmpt[14] ; clk        ; clk      ; None                        ; None                      ; 4.329 ns                ;
; N/A                                     ; 218.91 MHz ( period = 4.568 ns )                    ; gen_ena:u1|cmpt[15] ; gen_ena:u1|cmpt[13] ; clk        ; clk      ; None                        ; None                      ; 4.329 ns                ;
; N/A                                     ; 218.96 MHz ( period = 4.567 ns )                    ; gen_ena:u1|cmpt[15] ; gen_ena:u1|cmpt[15] ; clk        ; clk      ; None                        ; None                      ; 4.328 ns                ;
; N/A                                     ; 219.20 MHz ( period = 4.562 ns )                    ; gen_ena:u1|cmpt[15] ; gen_ena:u1|cmpt[7]  ; clk        ; clk      ; None                        ; None                      ; 4.323 ns                ;
; N/A                                     ; 220.51 MHz ( period = 4.535 ns )                    ; gen_ena:u1|cmpt[14] ; gen_ena:u1|cmpt[22] ; clk        ; clk      ; None                        ; None                      ; 4.296 ns                ;
; N/A                                     ; 220.56 MHz ( period = 4.534 ns )                    ; gen_ena:u1|cmpt[14] ; gen_ena:u1|cmpt[12] ; clk        ; clk      ; None                        ; None                      ; 4.295 ns                ;
; N/A                                     ; 220.60 MHz ( period = 4.533 ns )                    ; gen_ena:u1|cmpt[14] ; gen_ena:u1|cmpt[14] ; clk        ; clk      ; None                        ; None                      ; 4.294 ns                ;
; N/A                                     ; 220.60 MHz ( period = 4.533 ns )                    ; gen_ena:u1|cmpt[14] ; gen_ena:u1|cmpt[13] ; clk        ; clk      ; None                        ; None                      ; 4.294 ns                ;
; N/A                                     ; 220.65 MHz ( period = 4.532 ns )                    ; gen_ena:u1|cmpt[14] ; gen_ena:u1|cmpt[15] ; clk        ; clk      ; None                        ; None                      ; 4.293 ns                ;
; N/A                                     ; 220.90 MHz ( period = 4.527 ns )                    ; gen_ena:u1|cmpt[14] ; gen_ena:u1|cmpt[7]  ; clk        ; clk      ; None                        ; None                      ; 4.288 ns                ;
; N/A                                     ; 221.68 MHz ( period = 4.511 ns )                    ; gen_ena:u1|cmpt[1]  ; gen_ena:u1|cmpt[22] ; clk        ; clk      ; None                        ; None                      ; 4.262 ns                ;
; N/A                                     ; 221.73 MHz ( period = 4.510 ns )                    ; gen_ena:u1|cmpt[4]  ; gen_ena:u1|cmpt[22] ; clk        ; clk      ; None                        ; None                      ; 4.261 ns                ;
; N/A                                     ; 221.78 MHz ( period = 4.509 ns )                    ; gen_ena:u1|cmpt[4]  ; gen_ena:u1|cmpt[12] ; clk        ; clk      ; None                        ; None                      ; 4.260 ns                ;
; N/A                                     ; 221.83 MHz ( period = 4.508 ns )                    ; gen_ena:u1|cmpt[4]  ; gen_ena:u1|cmpt[14] ; clk        ; clk      ; None                        ; None                      ; 4.259 ns                ;
; N/A                                     ; 221.83 MHz ( period = 4.508 ns )                    ; gen_ena:u1|cmpt[4]  ; gen_ena:u1|cmpt[13] ; clk        ; clk      ; None                        ; None                      ; 4.259 ns                ;
; N/A                                     ; 221.88 MHz ( period = 4.507 ns )                    ; gen_ena:u1|cmpt[4]  ; gen_ena:u1|cmpt[15] ; clk        ; clk      ; None                        ; None                      ; 4.258 ns                ;
; N/A                                     ; 222.12 MHz ( period = 4.502 ns )                    ; gen_ena:u1|cmpt[4]  ; gen_ena:u1|cmpt[7]  ; clk        ; clk      ; None                        ; None                      ; 4.253 ns                ;
; N/A                                     ; 222.72 MHz ( period = 4.490 ns )                    ; gen_ena:u1|cmpt[12] ; gen_ena:u1|cmpt[0]  ; clk        ; clk      ; None                        ; None                      ; 4.261 ns                ;
; N/A                                     ; 222.77 MHz ( period = 4.489 ns )                    ; gen_ena:u1|cmpt[7]  ; gen_ena:u1|cmpt[22] ; clk        ; clk      ; None                        ; None                      ; 4.250 ns                ;
; N/A                                     ; 223.26 MHz ( period = 4.479 ns )                    ; gen_ena:u1|cmpt[2]  ; gen_ena:u1|cmpt[22] ; clk        ; clk      ; None                        ; None                      ; 4.230 ns                ;
; N/A                                     ; 223.91 MHz ( period = 4.466 ns )                    ; gen_ena:u1|cmpt[11] ; gen_ena:u1|cmpt[0]  ; clk        ; clk      ; None                        ; None                      ; 4.227 ns                ;
; N/A                                     ; 223.91 MHz ( period = 4.466 ns )                    ; gen_ena:u1|cmpt[0]  ; gen_ena:u1|cmpt[25] ; clk        ; clk      ; None                        ; None                      ; 4.218 ns                ;
; N/A                                     ; 224.72 MHz ( period = 4.450 ns )                    ; gen_ena:u1|cmpt[12] ; gen_ena:u1|cmpt[17] ; clk        ; clk      ; None                        ; None                      ; 4.211 ns                ;
; N/A                                     ; 224.77 MHz ( period = 4.449 ns )                    ; gen_ena:u1|cmpt[12] ; gen_ena:u1|cmpt[19] ; clk        ; clk      ; None                        ; None                      ; 4.210 ns                ;
; N/A                                     ; 224.82 MHz ( period = 4.448 ns )                    ; gen_ena:u1|cmpt[12] ; gen_ena:u1|cmpt[21] ; clk        ; clk      ; None                        ; None                      ; 4.209 ns                ;
; N/A                                     ; 224.82 MHz ( period = 4.448 ns )                    ; gen_ena:u1|cmpt[12] ; gen_ena:u1|cmpt[20] ; clk        ; clk      ; None                        ; None                      ; 4.209 ns                ;
; N/A                                     ; 225.94 MHz ( period = 4.426 ns )                    ; gen_ena:u1|cmpt[11] ; gen_ena:u1|cmpt[17] ; clk        ; clk      ; None                        ; None                      ; 4.177 ns                ;
; N/A                                     ; 225.99 MHz ( period = 4.425 ns )                    ; gen_ena:u1|cmpt[11] ; gen_ena:u1|cmpt[19] ; clk        ; clk      ; None                        ; None                      ; 4.176 ns                ;
; N/A                                     ; 226.04 MHz ( period = 4.424 ns )                    ; gen_ena:u1|cmpt[11] ; gen_ena:u1|cmpt[21] ; clk        ; clk      ; None                        ; None                      ; 4.175 ns                ;
; N/A                                     ; 226.04 MHz ( period = 4.424 ns )                    ; gen_ena:u1|cmpt[11] ; gen_ena:u1|cmpt[20] ; clk        ; clk      ; None                        ; None                      ; 4.175 ns                ;
; N/A                                     ; 226.45 MHz ( period = 4.416 ns )                    ; gen_ena:u1|cmpt[0]  ; gen_ena:u1|cmpt[21] ; clk        ; clk      ; None                        ; None                      ; 4.167 ns                ;
; N/A                                     ; 227.32 MHz ( period = 4.399 ns )                    ; gen_ena:u1|cmpt[3]  ; gen_ena:u1|cmpt[22] ; clk        ; clk      ; None                        ; None                      ; 4.150 ns                ;
; N/A                                     ; 227.79 MHz ( period = 4.390 ns )                    ; gen_ena:u1|cmpt[1]  ; gen_ena:u1|cmpt[25] ; clk        ; clk      ; None                        ; None                      ; 4.142 ns                ;
; N/A                                     ; 228.83 MHz ( period = 4.370 ns )                    ; gen_ena:u1|cmpt[12] ; gen_ena:u1|cmpt[22] ; clk        ; clk      ; None                        ; None                      ; 4.131 ns                ;
; N/A                                     ; 228.89 MHz ( period = 4.369 ns )                    ; gen_ena:u1|cmpt[12] ; gen_ena:u1|cmpt[12] ; clk        ; clk      ; None                        ; None                      ; 4.130 ns                ;
; N/A                                     ; 228.94 MHz ( period = 4.368 ns )                    ; gen_ena:u1|cmpt[7]  ; gen_ena:u1|cmpt[25] ; clk        ; clk      ; None                        ; None                      ; 4.130 ns                ;
; N/A                                     ; 228.94 MHz ( period = 4.368 ns )                    ; gen_ena:u1|cmpt[12] ; gen_ena:u1|cmpt[14] ; clk        ; clk      ; None                        ; None                      ; 4.129 ns                ;
; N/A                                     ; 228.94 MHz ( period = 4.368 ns )                    ; gen_ena:u1|cmpt[12] ; gen_ena:u1|cmpt[13] ; clk        ; clk      ; None                        ; None                      ; 4.129 ns                ;
; N/A                                     ; 228.99 MHz ( period = 4.367 ns )                    ; gen_ena:u1|cmpt[12] ; gen_ena:u1|cmpt[15] ; clk        ; clk      ; None                        ; None                      ; 4.128 ns                ;
; N/A                                     ; 229.25 MHz ( period = 4.362 ns )                    ; gen_ena:u1|cmpt[12] ; gen_ena:u1|cmpt[7]  ; clk        ; clk      ; None                        ; None                      ; 4.123 ns                ;
; N/A                                     ; 229.46 MHz ( period = 4.358 ns )                    ; gen_ena:u1|cmpt[2]  ; gen_ena:u1|cmpt[25] ; clk        ; clk      ; None                        ; None                      ; 4.110 ns                ;
; N/A                                     ; 229.89 MHz ( period = 4.350 ns )                    ; gen_ena:u1|cmpt[10] ; gen_ena:u1|cmpt[0]  ; clk        ; clk      ; None                        ; None                      ; 4.111 ns                ;
; N/A                                     ; 230.10 MHz ( period = 4.346 ns )                    ; gen_ena:u1|cmpt[11] ; gen_ena:u1|cmpt[22] ; clk        ; clk      ; None                        ; None                      ; 4.097 ns                ;
; N/A                                     ; 230.15 MHz ( period = 4.345 ns )                    ; gen_ena:u1|cmpt[11] ; gen_ena:u1|cmpt[12] ; clk        ; clk      ; None                        ; None                      ; 4.096 ns                ;
; N/A                                     ; 230.20 MHz ( period = 4.344 ns )                    ; gen_ena:u1|cmpt[11] ; gen_ena:u1|cmpt[14] ; clk        ; clk      ; None                        ; None                      ; 4.095 ns                ;
; N/A                                     ; 230.20 MHz ( period = 4.344 ns )                    ; gen_ena:u1|cmpt[11] ; gen_ena:u1|cmpt[13] ; clk        ; clk      ; None                        ; None                      ; 4.095 ns                ;
; N/A                                     ; 230.26 MHz ( period = 4.343 ns )                    ; gen_ena:u1|cmpt[11] ; gen_ena:u1|cmpt[15] ; clk        ; clk      ; None                        ; None                      ; 4.094 ns                ;
; N/A                                     ; 230.41 MHz ( period = 4.340 ns )                    ; gen_ena:u1|cmpt[1]  ; gen_ena:u1|cmpt[21] ; clk        ; clk      ; None                        ; None                      ; 4.091 ns                ;
; N/A                                     ; 230.52 MHz ( period = 4.338 ns )                    ; gen_ena:u1|cmpt[11] ; gen_ena:u1|cmpt[7]  ; clk        ; clk      ; None                        ; None                      ; 4.089 ns                ;
; N/A                                     ; 230.68 MHz ( period = 4.335 ns )                    ; gen_ena:u1|cmpt[9]  ; gen_ena:u1|cmpt[0]  ; clk        ; clk      ; None                        ; None                      ; 4.096 ns                ;
; N/A                                     ; 230.79 MHz ( period = 4.333 ns )                    ; gen_ena:u1|cmpt[13] ; gen_ena:u1|cmpt[0]  ; clk        ; clk      ; None                        ; None                      ; 4.104 ns                ;
; N/A                                     ; 231.59 MHz ( period = 4.318 ns )                    ; gen_ena:u1|cmpt[7]  ; gen_ena:u1|cmpt[21] ; clk        ; clk      ; None                        ; None                      ; 4.079 ns                ;
; N/A                                     ; 232.02 MHz ( period = 4.310 ns )                    ; gen_ena:u1|cmpt[10] ; gen_ena:u1|cmpt[17] ; clk        ; clk      ; None                        ; None                      ; 4.061 ns                ;
; N/A                                     ; 232.07 MHz ( period = 4.309 ns )                    ; gen_ena:u1|cmpt[10] ; gen_ena:u1|cmpt[19] ; clk        ; clk      ; None                        ; None                      ; 4.060 ns                ;
; N/A                                     ; 232.07 MHz ( period = 4.309 ns )                    ; gen_ena:u1|cmpt[6]  ; gen_ena:u1|cmpt[25] ; clk        ; clk      ; None                        ; None                      ; 4.061 ns                ;
; N/A                                     ; 232.13 MHz ( period = 4.308 ns )                    ; gen_ena:u1|cmpt[2]  ; gen_ena:u1|cmpt[21] ; clk        ; clk      ; None                        ; None                      ; 4.059 ns                ;
; N/A                                     ; 232.13 MHz ( period = 4.308 ns )                    ; gen_ena:u1|cmpt[10] ; gen_ena:u1|cmpt[21] ; clk        ; clk      ; None                        ; None                      ; 4.059 ns                ;
; N/A                                     ; 232.13 MHz ( period = 4.308 ns )                    ; gen_ena:u1|cmpt[10] ; gen_ena:u1|cmpt[20] ; clk        ; clk      ; None                        ; None                      ; 4.059 ns                ;
; N/A                                     ; 232.13 MHz ( period = 4.308 ns )                    ; gen_ena:u1|cmpt[6]  ; gen_ena:u1|cmpt[23] ; clk        ; clk      ; None                        ; None                      ; 4.060 ns                ;
; N/A                                     ; 232.29 MHz ( period = 4.305 ns )                    ; gen_ena:u1|cmpt[0]  ; gen_ena:u1|cmpt[23] ; clk        ; clk      ; None                        ; None                      ; 4.057 ns                ;
; N/A                                     ; 232.83 MHz ( period = 4.295 ns )                    ; gen_ena:u1|cmpt[9]  ; gen_ena:u1|cmpt[17] ; clk        ; clk      ; None                        ; None                      ; 4.046 ns                ;
; N/A                                     ; 232.88 MHz ( period = 4.294 ns )                    ; gen_ena:u1|cmpt[9]  ; gen_ena:u1|cmpt[19] ; clk        ; clk      ; None                        ; None                      ; 4.045 ns                ;
; N/A                                     ; 232.94 MHz ( period = 4.293 ns )                    ; gen_ena:u1|cmpt[13] ; gen_ena:u1|cmpt[17] ; clk        ; clk      ; None                        ; None                      ; 4.054 ns                ;
; N/A                                     ; 232.94 MHz ( period = 4.293 ns )                    ; gen_ena:u1|cmpt[9]  ; gen_ena:u1|cmpt[21] ; clk        ; clk      ; None                        ; None                      ; 4.044 ns                ;
; N/A                                     ; 232.94 MHz ( period = 4.293 ns )                    ; gen_ena:u1|cmpt[9]  ; gen_ena:u1|cmpt[20] ; clk        ; clk      ; None                        ; None                      ; 4.044 ns                ;
; N/A                                     ; 232.99 MHz ( period = 4.292 ns )                    ; gen_ena:u1|cmpt[13] ; gen_ena:u1|cmpt[19] ; clk        ; clk      ; None                        ; None                      ; 4.053 ns                ;
; N/A                                     ; 233.05 MHz ( period = 4.291 ns )                    ; gen_ena:u1|cmpt[13] ; gen_ena:u1|cmpt[21] ; clk        ; clk      ; None                        ; None                      ; 4.052 ns                ;
; N/A                                     ; 233.05 MHz ( period = 4.291 ns )                    ; gen_ena:u1|cmpt[13] ; gen_ena:u1|cmpt[20] ; clk        ; clk      ; None                        ; None                      ; 4.052 ns                ;
; N/A                                     ; 233.75 MHz ( period = 4.278 ns )                    ; gen_ena:u1|cmpt[3]  ; gen_ena:u1|cmpt[25] ; clk        ; clk      ; None                        ; None                      ; 4.030 ns                ;
; N/A                                     ; 235.85 MHz ( period = 4.240 ns )                    ; gen_ena:u1|cmpt[5]  ; gen_ena:u1|cmpt[25] ; clk        ; clk      ; None                        ; None                      ; 3.992 ns                ;
; N/A                                     ; 235.90 MHz ( period = 4.239 ns )                    ; gen_ena:u1|cmpt[5]  ; gen_ena:u1|cmpt[23] ; clk        ; clk      ; None                        ; None                      ; 3.991 ns                ;
; N/A                                     ; 236.41 MHz ( period = 4.230 ns )                    ; gen_ena:u1|cmpt[10] ; gen_ena:u1|cmpt[22] ; clk        ; clk      ; None                        ; None                      ; 3.981 ns                ;
; N/A                                     ; 236.46 MHz ( period = 4.229 ns )                    ; gen_ena:u1|cmpt[1]  ; gen_ena:u1|cmpt[23] ; clk        ; clk      ; None                        ; None                      ; 3.981 ns                ;
; N/A                                     ; 236.46 MHz ( period = 4.229 ns )                    ; gen_ena:u1|cmpt[10] ; gen_ena:u1|cmpt[12] ; clk        ; clk      ; None                        ; None                      ; 3.980 ns                ;
; N/A                                     ; 236.52 MHz ( period = 4.228 ns )                    ; gen_ena:u1|cmpt[3]  ; gen_ena:u1|cmpt[21] ; clk        ; clk      ; None                        ; None                      ; 3.979 ns                ;
; N/A                                     ; 236.52 MHz ( period = 4.228 ns )                    ; gen_ena:u1|cmpt[10] ; gen_ena:u1|cmpt[14] ; clk        ; clk      ; None                        ; None                      ; 3.979 ns                ;
; N/A                                     ; 236.52 MHz ( period = 4.228 ns )                    ; gen_ena:u1|cmpt[10] ; gen_ena:u1|cmpt[13] ; clk        ; clk      ; None                        ; None                      ; 3.979 ns                ;
; N/A                                     ; 236.57 MHz ( period = 4.227 ns )                    ; gen_ena:u1|cmpt[10] ; gen_ena:u1|cmpt[15] ; clk        ; clk      ; None                        ; None                      ; 3.978 ns                ;
; N/A                                     ; 236.85 MHz ( period = 4.222 ns )                    ; gen_ena:u1|cmpt[10] ; gen_ena:u1|cmpt[7]  ; clk        ; clk      ; None                        ; None                      ; 3.973 ns                ;
; N/A                                     ; 237.25 MHz ( period = 4.215 ns )                    ; gen_ena:u1|cmpt[9]  ; gen_ena:u1|cmpt[22] ; clk        ; clk      ; None                        ; None                      ; 3.966 ns                ;
; N/A                                     ; 237.30 MHz ( period = 4.214 ns )                    ; gen_ena:u1|cmpt[9]  ; gen_ena:u1|cmpt[12] ; clk        ; clk      ; None                        ; None                      ; 3.965 ns                ;
; N/A                                     ; 237.36 MHz ( period = 4.213 ns )                    ; gen_ena:u1|cmpt[13] ; gen_ena:u1|cmpt[22] ; clk        ; clk      ; None                        ; None                      ; 3.974 ns                ;
; N/A                                     ; 237.36 MHz ( period = 4.213 ns )                    ; gen_ena:u1|cmpt[9]  ; gen_ena:u1|cmpt[14] ; clk        ; clk      ; None                        ; None                      ; 3.964 ns                ;
; N/A                                     ; 237.36 MHz ( period = 4.213 ns )                    ; gen_ena:u1|cmpt[9]  ; gen_ena:u1|cmpt[13] ; clk        ; clk      ; None                        ; None                      ; 3.964 ns                ;
; N/A                                     ; 237.42 MHz ( period = 4.212 ns )                    ; gen_ena:u1|cmpt[9]  ; gen_ena:u1|cmpt[15] ; clk        ; clk      ; None                        ; None                      ; 3.963 ns                ;
; N/A                                     ; 237.42 MHz ( period = 4.212 ns )                    ; gen_ena:u1|cmpt[13] ; gen_ena:u1|cmpt[12] ; clk        ; clk      ; None                        ; None                      ; 3.973 ns                ;
; N/A                                     ; 237.47 MHz ( period = 4.211 ns )                    ; gen_ena:u1|cmpt[13] ; gen_ena:u1|cmpt[14] ; clk        ; clk      ; None                        ; None                      ; 3.972 ns                ;
; N/A                                     ; 237.47 MHz ( period = 4.211 ns )                    ; gen_ena:u1|cmpt[13] ; gen_ena:u1|cmpt[13] ; clk        ; clk      ; None                        ; None                      ; 3.972 ns                ;
; N/A                                     ; 237.53 MHz ( period = 4.210 ns )                    ; gen_ena:u1|cmpt[13] ; gen_ena:u1|cmpt[15] ; clk        ; clk      ; None                        ; None                      ; 3.971 ns                ;
; N/A                                     ; 237.70 MHz ( period = 4.207 ns )                    ; gen_ena:u1|cmpt[7]  ; gen_ena:u1|cmpt[23] ; clk        ; clk      ; None                        ; None                      ; 3.969 ns                ;
; N/A                                     ; 237.70 MHz ( period = 4.207 ns )                    ; gen_ena:u1|cmpt[9]  ; gen_ena:u1|cmpt[7]  ; clk        ; clk      ; None                        ; None                      ; 3.958 ns                ;
; N/A                                     ; 237.81 MHz ( period = 4.205 ns )                    ; gen_ena:u1|cmpt[13] ; gen_ena:u1|cmpt[7]  ; clk        ; clk      ; None                        ; None                      ; 3.966 ns                ;
; N/A                                     ; 238.27 MHz ( period = 4.197 ns )                    ; gen_ena:u1|cmpt[2]  ; gen_ena:u1|cmpt[23] ; clk        ; clk      ; None                        ; None                      ; 3.949 ns                ;
; N/A                                     ; 240.27 MHz ( period = 4.162 ns )                    ; gen_ena:u1|cmpt[4]  ; gen_ena:u1|cmpt[25] ; clk        ; clk      ; None                        ; None                      ; 3.914 ns                ;
; N/A                                     ; 240.50 MHz ( period = 4.158 ns )                    ; gen_ena:u1|cmpt[7]  ; gen_ena:u1|cmpt[0]  ; clk        ; clk      ; None                        ; None                      ; 3.929 ns                ;
; N/A                                     ; 240.91 MHz ( period = 4.151 ns )                    ; gen_ena:u1|cmpt[0]  ; gen_ena:u1|cmpt[20] ; clk        ; clk      ; None                        ; None                      ; 3.902 ns                ;
; N/A                                     ; 242.60 MHz ( period = 4.122 ns )                    ; gen_ena:u1|cmpt[0]  ; gen_ena:u1|cmpt[19] ; clk        ; clk      ; None                        ; None                      ; 3.873 ns                ;
; N/A                                     ; 242.84 MHz ( period = 4.118 ns )                    ; gen_ena:u1|cmpt[7]  ; gen_ena:u1|cmpt[17] ; clk        ; clk      ; None                        ; None                      ; 3.879 ns                ;
; N/A                                     ; 242.90 MHz ( period = 4.117 ns )                    ; gen_ena:u1|cmpt[7]  ; gen_ena:u1|cmpt[19] ; clk        ; clk      ; None                        ; None                      ; 3.878 ns                ;
; N/A                                     ; 242.90 MHz ( period = 4.117 ns )                    ; gen_ena:u1|cmpt[3]  ; gen_ena:u1|cmpt[23] ; clk        ; clk      ; None                        ; None                      ; 3.869 ns                ;
; N/A                                     ; 242.95 MHz ( period = 4.116 ns )                    ; gen_ena:u1|cmpt[7]  ; gen_ena:u1|cmpt[20] ; clk        ; clk      ; None                        ; None                      ; 3.877 ns                ;
; N/A                                     ; 243.01 MHz ( period = 4.115 ns )                    ; gen_ena:u1|cmpt[15] ; gen_ena:u1|cmpt[25] ; clk        ; clk      ; None                        ; None                      ; 3.877 ns                ;
; N/A                                     ; 243.07 MHz ( period = 4.114 ns )                    ; gen_ena:u1|cmpt[15] ; gen_ena:u1|cmpt[23] ; clk        ; clk      ; None                        ; None                      ; 3.876 ns                ;
; N/A                                     ; 245.10 MHz ( period = 4.080 ns )                    ; gen_ena:u1|cmpt[14] ; gen_ena:u1|cmpt[25] ; clk        ; clk      ; None                        ; None                      ; 3.842 ns                ;
; N/A                                     ; 245.16 MHz ( period = 4.079 ns )                    ; gen_ena:u1|cmpt[14] ; gen_ena:u1|cmpt[23] ; clk        ; clk      ; None                        ; None                      ; 3.841 ns                ;
; N/A                                     ; 245.40 MHz ( period = 4.075 ns )                    ; gen_ena:u1|cmpt[1]  ; gen_ena:u1|cmpt[20] ; clk        ; clk      ; None                        ; None                      ; 3.826 ns                ;
; N/A                                     ; 245.46 MHz ( period = 4.074 ns )                    ; gen_ena:u1|cmpt[2]  ; gen_ena:u1|cmpt[0]  ; clk        ; clk      ; None                        ; None                      ; 3.835 ns                ;
; N/A                                     ; 246.31 MHz ( period = 4.060 ns )                    ; gen_ena:u1|cmpt[8]  ; gen_ena:u1|cmpt[0]  ; clk        ; clk      ; None                        ; None                      ; 3.821 ns                ;
; N/A                                     ; 246.67 MHz ( period = 4.054 ns )                    ; gen_ena:u1|cmpt[4]  ; gen_ena:u1|cmpt[23] ; clk        ; clk      ; None                        ; None                      ; 3.806 ns                ;
; N/A                                     ; 247.16 MHz ( period = 4.046 ns )                    ; gen_ena:u1|cmpt[1]  ; gen_ena:u1|cmpt[19] ; clk        ; clk      ; None                        ; None                      ; 3.797 ns                ;
; N/A                                     ; 247.34 MHz ( period = 4.043 ns )                    ; gen_ena:u1|cmpt[2]  ; gen_ena:u1|cmpt[20] ; clk        ; clk      ; None                        ; None                      ; 3.794 ns                ;
; N/A                                     ; 247.71 MHz ( period = 4.037 ns )                    ; gen_ena:u1|cmpt[7]  ; gen_ena:u1|cmpt[12] ; clk        ; clk      ; None                        ; None                      ; 3.798 ns                ;
; N/A                                     ; 247.77 MHz ( period = 4.036 ns )                    ; gen_ena:u1|cmpt[0]  ; gen_ena:u1|cmpt[0]  ; clk        ; clk      ; None                        ; None                      ; 3.797 ns                ;
; N/A                                     ; 247.77 MHz ( period = 4.036 ns )                    ; gen_ena:u1|cmpt[7]  ; gen_ena:u1|cmpt[14] ; clk        ; clk      ; None                        ; None                      ; 3.797 ns                ;
; N/A                                     ; 247.77 MHz ( period = 4.036 ns )                    ; gen_ena:u1|cmpt[7]  ; gen_ena:u1|cmpt[13] ; clk        ; clk      ; None                        ; None                      ; 3.797 ns                ;
; N/A                                     ; 247.83 MHz ( period = 4.035 ns )                    ; gen_ena:u1|cmpt[7]  ; gen_ena:u1|cmpt[15] ; clk        ; clk      ; None                        ; None                      ; 3.796 ns                ;
; N/A                                     ; 247.89 MHz ( period = 4.034 ns )                    ; gen_ena:u1|cmpt[2]  ; gen_ena:u1|cmpt[17] ; clk        ; clk      ; None                        ; None                      ; 3.785 ns                ;
; N/A                                     ; 247.95 MHz ( period = 4.033 ns )                    ; gen_ena:u1|cmpt[2]  ; gen_ena:u1|cmpt[19] ; clk        ; clk      ; None                        ; None                      ; 3.784 ns                ;
; N/A                                     ; 248.14 MHz ( period = 4.030 ns )                    ; gen_ena:u1|cmpt[7]  ; gen_ena:u1|cmpt[7]  ; clk        ; clk      ; None                        ; None                      ; 3.791 ns                ;
; N/A                                     ; 248.39 MHz ( period = 4.026 ns )                    ; gen_ena:u1|cmpt[12] ; gen_ena:u1|cmpt[25] ; clk        ; clk      ; None                        ; None                      ; 3.788 ns                ;
; N/A                                     ; 248.76 MHz ( period = 4.020 ns )                    ; gen_ena:u1|cmpt[8]  ; gen_ena:u1|cmpt[17] ; clk        ; clk      ; None                        ; None                      ; 3.771 ns                ;
; N/A                                     ; 248.82 MHz ( period = 4.019 ns )                    ; gen_ena:u1|cmpt[8]  ; gen_ena:u1|cmpt[19] ; clk        ; clk      ; None                        ; None                      ; 3.770 ns                ;
; N/A                                     ; 248.88 MHz ( period = 4.018 ns )                    ; gen_ena:u1|cmpt[8]  ; gen_ena:u1|cmpt[21] ; clk        ; clk      ; None                        ; None                      ; 3.769 ns                ;
; N/A                                     ; 248.88 MHz ( period = 4.018 ns )                    ; gen_ena:u1|cmpt[8]  ; gen_ena:u1|cmpt[20] ; clk        ; clk      ; None                        ; None                      ; 3.769 ns                ;
; N/A                                     ; 250.25 MHz ( period = 3.996 ns )                    ; gen_ena:u1|cmpt[0]  ; gen_ena:u1|cmpt[17] ; clk        ; clk      ; None                        ; None                      ; 3.747 ns                ;
; N/A                                     ; 252.33 MHz ( period = 3.963 ns )                    ; gen_ena:u1|cmpt[3]  ; gen_ena:u1|cmpt[20] ; clk        ; clk      ; None                        ; None                      ; 3.714 ns                ;
; N/A                                     ; 252.97 MHz ( period = 3.953 ns )                    ; gen_ena:u1|cmpt[2]  ; gen_ena:u1|cmpt[12] ; clk        ; clk      ; None                        ; None                      ; 3.704 ns                ;
; N/A                                     ; 253.04 MHz ( period = 3.952 ns )                    ; gen_ena:u1|cmpt[2]  ; gen_ena:u1|cmpt[14] ; clk        ; clk      ; None                        ; None                      ; 3.703 ns                ;
; N/A                                     ; 253.04 MHz ( period = 3.952 ns )                    ; gen_ena:u1|cmpt[2]  ; gen_ena:u1|cmpt[13] ; clk        ; clk      ; None                        ; None                      ; 3.703 ns                ;
; N/A                                     ; 253.10 MHz ( period = 3.951 ns )                    ; gen_ena:u1|cmpt[2]  ; gen_ena:u1|cmpt[15] ; clk        ; clk      ; None                        ; None                      ; 3.702 ns                ;
; N/A                                     ; 253.42 MHz ( period = 3.946 ns )                    ; gen_ena:u1|cmpt[2]  ; gen_ena:u1|cmpt[7]  ; clk        ; clk      ; None                        ; None                      ; 3.697 ns                ;
; N/A                                     ; 253.49 MHz ( period = 3.945 ns )                    ; gen_ena:u1|cmpt[0]  ; gen_ena:u1|cmpt[12] ; clk        ; clk      ; None                        ; None                      ; 3.696 ns                ;
; N/A                                     ; 253.81 MHz ( period = 3.940 ns )                    ; gen_ena:u1|cmpt[8]  ; gen_ena:u1|cmpt[22] ; clk        ; clk      ; None                        ; None                      ; 3.691 ns                ;
; N/A                                     ; 253.87 MHz ( period = 3.939 ns )                    ; gen_ena:u1|cmpt[8]  ; gen_ena:u1|cmpt[12] ; clk        ; clk      ; None                        ; None                      ; 3.690 ns                ;
; N/A                                     ; 253.94 MHz ( period = 3.938 ns )                    ; gen_ena:u1|cmpt[8]  ; gen_ena:u1|cmpt[14] ; clk        ; clk      ; None                        ; None                      ; 3.689 ns                ;
; N/A                                     ; 253.94 MHz ( period = 3.938 ns )                    ; gen_ena:u1|cmpt[8]  ; gen_ena:u1|cmpt[13] ; clk        ; clk      ; None                        ; None                      ; 3.689 ns                ;
; N/A                                     ; 254.00 MHz ( period = 3.937 ns )                    ; gen_ena:u1|cmpt[8]  ; gen_ena:u1|cmpt[15] ; clk        ; clk      ; None                        ; None                      ; 3.688 ns                ;
; N/A                                     ; 254.19 MHz ( period = 3.934 ns )                    ; gen_ena:u1|cmpt[3]  ; gen_ena:u1|cmpt[19] ; clk        ; clk      ; None                        ; None                      ; 3.685 ns                ;
; N/A                                     ; 254.32 MHz ( period = 3.932 ns )                    ; gen_ena:u1|cmpt[8]  ; gen_ena:u1|cmpt[7]  ; clk        ; clk      ; None                        ; None                      ; 3.683 ns                ;
; N/A                                     ; 254.78 MHz ( period = 3.925 ns )                    ; gen_ena:u1|cmpt[0]  ; gen_ena:u1|cmpt[15] ; clk        ; clk      ; None                        ; None                      ; 3.676 ns                ;
; N/A                                     ; 255.30 MHz ( period = 3.917 ns )                    ; gen_ena:u1|cmpt[1]  ; gen_ena:u1|cmpt[0]  ; clk        ; clk      ; None                        ; None                      ; 3.678 ns                ;
; N/A                                     ; 255.49 MHz ( period = 3.914 ns )                    ; gen_ena:u1|cmpt[12] ; gen_ena:u1|cmpt[23] ; clk        ; clk      ; None                        ; None                      ; 3.676 ns                ;
; N/A                                     ; 255.49 MHz ( period = 3.914 ns )                    ; gen_ena:u1|cmpt[0]  ; gen_ena:u1|cmpt[14] ; clk        ; clk      ; None                        ; None                      ; 3.665 ns                ;
; N/A                                     ; 255.49 MHz ( period = 3.914 ns )                    ; gen_ena:u1|cmpt[0]  ; gen_ena:u1|cmpt[13] ; clk        ; clk      ; None                        ; None                      ; 3.665 ns                ;
; N/A                                     ; 255.89 MHz ( period = 3.908 ns )                    ; gen_ena:u1|cmpt[0]  ; gen_ena:u1|cmpt[7]  ; clk        ; clk      ; None                        ; None                      ; 3.659 ns                ;
; N/A                                     ; 256.94 MHz ( period = 3.892 ns )                    ; gen_ena:u1|cmpt[1]  ; gen_ena:u1|cmpt[17] ; clk        ; clk      ; None                        ; None                      ; 3.643 ns                ;
; N/A                                     ; 257.00 MHz ( period = 3.891 ns )                    ; gen_ena:u1|cmpt[11] ; gen_ena:u1|cmpt[25] ; clk        ; clk      ; None                        ; None                      ; 3.643 ns                ;
; N/A                                     ; 257.07 MHz ( period = 3.890 ns )                    ; gen_ena:u1|cmpt[11] ; gen_ena:u1|cmpt[23] ; clk        ; clk      ; None                        ; None                      ; 3.642 ns                ;
; N/A                                     ; 258.46 MHz ( period = 3.869 ns )                    ; gen_ena:u1|cmpt[1]  ; gen_ena:u1|cmpt[12] ; clk        ; clk      ; None                        ; None                      ; 3.620 ns                ;
; N/A                                     ; 259.81 MHz ( period = 3.849 ns )                    ; gen_ena:u1|cmpt[1]  ; gen_ena:u1|cmpt[15] ; clk        ; clk      ; None                        ; None                      ; 3.600 ns                ;
; N/A                                     ; 261.64 MHz ( period = 3.822 ns )                    ; gen_ena:u1|cmpt[6]  ; gen_ena:u1|clk_ena  ; clk        ; clk      ; None                        ; None                      ; 3.574 ns                ;
; N/A                                     ; 262.12 MHz ( period = 3.815 ns )                    ; gen_ena:u1|cmpt[24] ; gen_ena:u1|cmpt[0]  ; clk        ; clk      ; None                        ; None                      ; 3.585 ns                ;
; N/A                                     ; 263.50 MHz ( period = 3.795 ns )                    ; gen_ena:u1|cmpt[1]  ; gen_ena:u1|cmpt[14] ; clk        ; clk      ; None                        ; None                      ; 3.546 ns                ;
; N/A                                     ; 263.50 MHz ( period = 3.795 ns )                    ; gen_ena:u1|cmpt[1]  ; gen_ena:u1|cmpt[13] ; clk        ; clk      ; None                        ; None                      ; 3.546 ns                ;
; N/A                                     ; 263.92 MHz ( period = 3.789 ns )                    ; gen_ena:u1|cmpt[1]  ; gen_ena:u1|cmpt[7]  ; clk        ; clk      ; None                        ; None                      ; 3.540 ns                ;
; N/A                                     ; 264.55 MHz ( period = 3.780 ns )                    ; gen_ena:u1|cmpt[3]  ; gen_ena:u1|cmpt[17] ; clk        ; clk      ; None                        ; None                      ; 3.531 ns                ;
; N/A                                     ; 264.90 MHz ( period = 3.775 ns )                    ; gen_ena:u1|cmpt[24] ; gen_ena:u1|cmpt[17] ; clk        ; clk      ; None                        ; None                      ; 3.535 ns                ;
; N/A                                     ; 264.90 MHz ( period = 3.775 ns )                    ; gen_ena:u1|cmpt[10] ; gen_ena:u1|cmpt[25] ; clk        ; clk      ; None                        ; None                      ; 3.527 ns                ;
; N/A                                     ; 264.97 MHz ( period = 3.774 ns )                    ; gen_ena:u1|cmpt[3]  ; gen_ena:u1|cmpt[0]  ; clk        ; clk      ; None                        ; None                      ; 3.535 ns                ;
; N/A                                     ; 264.97 MHz ( period = 3.774 ns )                    ; gen_ena:u1|cmpt[24] ; gen_ena:u1|cmpt[19] ; clk        ; clk      ; None                        ; None                      ; 3.534 ns                ;
; Timing analysis restricted to 200 rows. ; To change the limit use Settings (Assignments menu) ;                     ;                     ;            ;          ;                             ;                           ;                         ;
+-----------------------------------------+-----------------------------------------------------+---------------------+---------------------+------------+----------+-----------------------------+---------------------------+-------------------------+


+----------------------------------------------------------------------------+
; tco                                                                        ;
+-------+--------------+------------+----------------------+----+------------+
; Slack ; Required tco ; Actual tco ; From                 ; To ; From Clock ;
+-------+--------------+------------+----------------------+----+------------+
; N/A   ; None         ; 7.993 ns   ; cmpt_bcd:u2|d_int[2] ; b  ; clk        ;
; N/A   ; None         ; 7.992 ns   ; cmpt_bcd:u2|d_int[2] ; d  ; clk        ;
; N/A   ; None         ; 7.966 ns   ; cmpt_bcd:u2|d_int[2] ; a  ; clk        ;
; N/A   ; None         ; 7.956 ns   ; cmpt_bcd:u2|d_int[2] ; c  ; clk        ;
; N/A   ; None         ; 7.834 ns   ; cmpt_bcd:u2|d_int[1] ; d  ; clk        ;
; N/A   ; None         ; 7.830 ns   ; cmpt_bcd:u2|d_int[1] ; b  ; clk        ;
; N/A   ; None         ; 7.826 ns   ; cmpt_bcd:u2|d_int[1] ; c  ; clk        ;
; N/A   ; None         ; 7.782 ns   ; cmpt_bcd:u2|d_int[1] ; a  ; clk        ;
; N/A   ; None         ; 7.663 ns   ; cmpt_bcd:u2|d_int[2] ; f  ; clk        ;
; N/A   ; None         ; 7.662 ns   ; cmpt_bcd:u2|d_int[2] ; g  ; clk        ;
; N/A   ; None         ; 7.656 ns   ; cmpt_bcd:u2|d_int[2] ; e  ; clk        ;
; N/A   ; None         ; 7.564 ns   ; cmpt_bcd:u2|d_int[0] ; b  ; clk        ;
; N/A   ; None         ; 7.562 ns   ; cmpt_bcd:u2|d_int[0] ; d  ; clk        ;
; N/A   ; None         ; 7.557 ns   ; cmpt_bcd:u2|d_int[0] ; c  ; clk        ;
; N/A   ; None         ; 7.541 ns   ; cmpt_bcd:u2|d_int[0] ; a  ; clk        ;
; N/A   ; None         ; 7.508 ns   ; cmpt_bcd:u2|d_int[1] ; f  ; clk        ;
; N/A   ; None         ; 7.507 ns   ; cmpt_bcd:u2|d_int[1] ; g  ; clk        ;
; N/A   ; None         ; 7.497 ns   ; cmpt_bcd:u2|d_int[1] ; e  ; clk        ;
; N/A   ; None         ; 7.444 ns   ; cmpt_bcd:u2|d_int[3] ; d  ; clk        ;
; N/A   ; None         ; 7.439 ns   ; cmpt_bcd:u2|d_int[3] ; c  ; clk        ;
; N/A   ; None         ; 7.439 ns   ; cmpt_bcd:u2|d_int[3] ; b  ; clk        ;
; N/A   ; None         ; 7.423 ns   ; cmpt_bcd:u2|d_int[3] ; a  ; clk        ;
; N/A   ; None         ; 7.234 ns   ; cmpt_bcd:u2|d_int[0] ; f  ; clk        ;
; N/A   ; None         ; 7.230 ns   ; cmpt_bcd:u2|d_int[0] ; g  ; clk        ;
; N/A   ; None         ; 7.227 ns   ; cmpt_bcd:u2|d_int[0] ; e  ; clk        ;
; N/A   ; None         ; 7.117 ns   ; cmpt_bcd:u2|d_int[3] ; f  ; clk        ;
; N/A   ; None         ; 7.116 ns   ; cmpt_bcd:u2|d_int[3] ; g  ; clk        ;
; N/A   ; None         ; 7.102 ns   ; cmpt_bcd:u2|d_int[3] ; e  ; clk        ;
+-------+--------------+------------+----------------------+----+------------+


+--------------------------+
; Timing Analyzer Messages ;
+--------------------------+
Info: *******************************************************************
Info: Running Quartus II Classic Timing Analyzer
    Info: Version 9.1 Build 222 10/21/2009 SJ Web Edition
    Info: Processing started: Mon Mar 07 15:29:34 2016
Info: Command: quartus_tan --read_settings_files=off --write_settings_files=off cmpt_09_aff -c cmpt_09_aff --timing_analysis_only
Warning: Found pins functioning as undefined clocks and/or memory enables
    Info: Assuming node "clk" is an undefined clock
Info: Clock "clk" has Internal fmax of 204.75 MHz between source register "gen_ena:u1|cmpt[6]" and destination register "gen_ena:u1|cmpt[0]" (period= 4.884 ns)
    Info: + Longest register to register delay is 4.645 ns
        Info: 1: + IC(0.000 ns) + CELL(0.000 ns) = 0.000 ns; Loc. = LCFF_X16_Y21_N19; Fanout = 3; REG Node = 'gen_ena:u1|cmpt[6]'
        Info: 2: + IC(0.951 ns) + CELL(0.455 ns) = 1.406 ns; Loc. = LCCOMB_X15_Y20_N26; Fanout = 1; COMB Node = 'gen_ena:u1|Equal0~1'
        Info: 3: + IC(0.862 ns) + CELL(0.178 ns) = 2.446 ns; Loc. = LCCOMB_X16_Y21_N4; Fanout = 1; COMB Node = 'gen_ena:u1|Equal0~4'
        Info: 4: + IC(0.854 ns) + CELL(0.178 ns) = 3.478 ns; Loc. = LCCOMB_X16_Y20_N26; Fanout = 14; COMB Node = 'gen_ena:u1|Equal0~8'
        Info: 5: + IC(0.894 ns) + CELL(0.177 ns) = 4.549 ns; Loc. = LCCOMB_X16_Y21_N0; Fanout = 1; COMB Node = 'gen_ena:u1|cmpt~1'
        Info: 6: + IC(0.000 ns) + CELL(0.096 ns) = 4.645 ns; Loc. = LCFF_X16_Y21_N1; Fanout = 3; REG Node = 'gen_ena:u1|cmpt[0]'
        Info: Total cell delay = 1.084 ns ( 23.34 % )
        Info: Total interconnect delay = 3.561 ns ( 76.66 % )
    Info: - Smallest clock skew is 0.000 ns
        Info: + Shortest clock path from clock "clk" to destination register is 2.838 ns
            Info: 1: + IC(0.000 ns) + CELL(1.026 ns) = 1.026 ns; Loc. = PIN_L1; Fanout = 1; CLK Node = 'clk'
            Info: 2: + IC(0.238 ns) + CELL(0.000 ns) = 1.264 ns; Loc. = CLKCTRL_G2; Fanout = 31; COMB Node = 'clk~clkctrl'
            Info: 3: + IC(0.972 ns) + CELL(0.602 ns) = 2.838 ns; Loc. = LCFF_X16_Y21_N1; Fanout = 3; REG Node = 'gen_ena:u1|cmpt[0]'
            Info: Total cell delay = 1.628 ns ( 57.36 % )
            Info: Total interconnect delay = 1.210 ns ( 42.64 % )
        Info: - Longest clock path from clock "clk" to source register is 2.838 ns
            Info: 1: + IC(0.000 ns) + CELL(1.026 ns) = 1.026 ns; Loc. = PIN_L1; Fanout = 1; CLK Node = 'clk'
            Info: 2: + IC(0.238 ns) + CELL(0.000 ns) = 1.264 ns; Loc. = CLKCTRL_G2; Fanout = 31; COMB Node = 'clk~clkctrl'
            Info: 3: + IC(0.972 ns) + CELL(0.602 ns) = 2.838 ns; Loc. = LCFF_X16_Y21_N19; Fanout = 3; REG Node = 'gen_ena:u1|cmpt[6]'
            Info: Total cell delay = 1.628 ns ( 57.36 % )
            Info: Total interconnect delay = 1.210 ns ( 42.64 % )
    Info: + Micro clock to output delay of source is 0.277 ns
    Info: + Micro setup delay of destination is -0.038 ns
Info: tco from clock "clk" to destination pin "b" through register "cmpt_bcd:u2|d_int[2]" is 7.993 ns
    Info: + Longest clock path from clock "clk" to source register is 2.835 ns
        Info: 1: + IC(0.000 ns) + CELL(1.026 ns) = 1.026 ns; Loc. = PIN_L1; Fanout = 1; CLK Node = 'clk'
        Info: 2: + IC(0.238 ns) + CELL(0.000 ns) = 1.264 ns; Loc. = CLKCTRL_G2; Fanout = 31; COMB Node = 'clk~clkctrl'
        Info: 3: + IC(0.969 ns) + CELL(0.602 ns) = 2.835 ns; Loc. = LCFF_X1_Y20_N13; Fanout = 10; REG Node = 'cmpt_bcd:u2|d_int[2]'
        Info: Total cell delay = 1.628 ns ( 57.43 % )
        Info: Total interconnect delay = 1.207 ns ( 42.57 % )
    Info: + Micro clock to output delay of source is 0.277 ns
    Info: + Longest register to pin delay is 4.881 ns
        Info: 1: + IC(0.000 ns) + CELL(0.000 ns) = 0.000 ns; Loc. = LCFF_X1_Y20_N13; Fanout = 10; REG Node = 'cmpt_bcd:u2|d_int[2]'
        Info: 2: + IC(0.653 ns) + CELL(0.521 ns) = 1.174 ns; Loc. = LCCOMB_X1_Y20_N2; Fanout = 1; COMB Node = 'bin2seven:u3|Mux1~0'
        Info: 3: + IC(0.867 ns) + CELL(2.840 ns) = 4.881 ns; Loc. = PIN_J1; Fanout = 0; PIN Node = 'b'
        Info: Total cell delay = 3.361 ns ( 68.86 % )
        Info: Total interconnect delay = 1.520 ns ( 31.14 % )
Info: Quartus II Classic Timing Analyzer was successful. 0 errors, 1 warning
    Info: Peak virtual memory: 179 megabytes
    Info: Processing ended: Mon Mar 07 15:29:35 2016
    Info: Elapsed time: 00:00:01
    Info: Total CPU time (on all processors): 00:00:00


